2.2 0.001084 20.0211 0.262764 0 0 0 
2.2 0.001626 18.2527 0.224653 0 0 0 
2.2 0.002168 18.2952 0.215345 0 0 0 
2.2 0.00271 17.4481 0.203022 0 0 0 
2.2 0.003252 16.9989 0.196109 0 0 0 
2.2 0.003794 15.4205 0.172321 0 0 0 
2.2 0.004336 14.6262 0.166505 0 0 0 
2.2 0.004878 14.4189 0.160952 0 0 0 
2.2 0.00542 13.9896 0.151226 0 0 0 
2.2 0.005962 13.371 0.152266 0 0 0 
2.2 0.006504 12.8498 0.144477 0 0 0 
2.2 0.007046 12.5976 0.145624 0 0 0 
2.2 0.007588 12.594 0.157814 0 0 0 
2.2 0.00813 11.8185 0.146884 0 0 0 
2.2 0.008672 11.3589 0.139233 0 0 0 
2.2 0.009214 11.4305 0.159804 0 0 0 
2.2 0.009756 11.3665 0.148226 0 0 0 
2.2 0.010298 10.4114 0.143484 0 0 0 
2.2 0.01084 10.2069 0.141325 0 0 0 
2.2 0.011382 9.86175 0.142885 0 0 0 
2.2 0.011924 9.78286 0.150349 0 0 0 
2.2 0.012466 9.40051 0.155125 0 0 0 
2.2 0.013008 8.94455 0.152153 0 0 0 
2.2 0.01355 8.78131 0.158555 0 0 0 
2.2 0.014092 8.11082 0.158757 0 0 0 
2.2 0.014634 8.29829 0.174363 0 0 0 
2.2 0.015176 8.62171 0.199353 0 0 0 
2.2 0.015718 8.06349 0.203528 0 0 0 
2.2 0.01626 7.23913 0.202026 0 0 0 
2.2 0.016802 7.14858 0.208693 0 0 0 
2.2 0.017344 7.43668 0.258556 0 0 0 
2.2 0.017886 7.29977 0.298805 0 0 0 
2.2 0.018428 6.47799 0.305591 0 0 0 
2.2 0.01897 6.47181 0.337061 0 0 0 
2.2 0.019512 6.10526 0.358994 0 0 0 
2.4 0.001084 25.0435 0.277603 0 0 0 
2.4 0.001626 22.2597 0.22889 0 0 0 
2.4 0.002168 22.1358 0.223457 0 0 0 
2.4 0.00271 21.5825 0.209355 0 0 0 
2.4 0.003252 20.6478 0.203329 0 0 0 
2.4 0.003794 18.6441 0.176822 0 0 0 
2.4 0.004336 17.8964 0.169807 0 0 0 
2.4 0.004878 17.4898 0.165776 0 0 0 
2.4 0.00542 16.8901 0.150802 0 0 0 
2.4 0.005962 16.1491 0.1549 0 0 0 
2.4 0.006504 15.5628 0.141664 0 0 0 
2.4 0.007046 14.827 0.145217 0 0 0 
2.4 0.007588 14.9878 0.158974 0 0 0 
2.4 0.00813 13.9054 0.1417 0 0 0 
2.4 0.008672 13.3867 0.136186 0 0 0 
2.4 0.009214 14.0342 0.175723 0 0 0 
2.4 0.009756 12.7522 0.138339 0 0 0 
2.4 0.010298 12.2318 0.133736 0 0 0 
2.4 0.01084 11.6954 0.133627 0 0 0 
2.4 0.011382 11.3367 0.132108 0 0 0 
2.4 0.011924 11.5503 0.140152 0 0 0 
2.4 0.012466 11.1249 0.14012 0 0 0 
2.4 0.013008 10.6158 0.14081 0 0 0 
2.4 0.01355 10.1927 0.139056 0 0 0 
2.4 0.014092 9.73171 0.140349 0 0 0 
2.4 0.014634 9.86783 0.152788 0 0 0 
2.4 0.015176 9.79741 0.164655 0 0 0 
2.4 0.015718 9.24458 0.166885 0 0 0 
2.4 0.01626 8.53012 0.170903 0 0 0 
2.4 0.016802 8.67968 0.172578 0 0 0 
2.4 0.017344 8.71556 0.209431 0 0 0 
2.4 0.017886 8.63076 0.230045 0 0 0 
2.4 0.018428 7.7187 0.242693 0 0 0 
2.4 0.01897 7.49489 0.258624 0 0 0 
2.4 0.019512 7.61016 0.274581 0 0 0 
2.6 0.001084 31.3904 0.346167 0 0 0 
2.6 0.001626 28.0474 0.2882 0 0 0 
2.6 0.002168 27.8264 0.293446 0 0 0 
2.6 0.00271 26.7225 0.278041 0 0 0 
2.6 0.003252 25.9264 0.26711 0 0 0 
2.6 0.003794 22.9776 0.236402 0 0 0 
2.6 0.004336 22.158 0.224367 0 0 0 
2.6 0.004878 21.1407 0.214987 0 0 0 
2.6 0.00542 20.4037 0.191845 0 0 0 
2.6 0.005962 19.7507 0.204314 0 0 0 
2.6 0.006504 18.9191 0.180708 0 0 0 
2.6 0.007046 18.012 0.188216 0 0 0 
2.6 0.007588 18.2498 0.200475 0 0 0 
2.6 0.00813 17.0263 0.18168 0 0 0 
2.6 0.008672 15.9621 0.17249 0 0 0 
2.6 0.009214 16.1527 0.20172 0 0 0 
2.6 0.009756 15.5266 0.175378 0 0 0 
2.6 0.010298 14.5264 0.168726 0 0 0 
2.6 0.01084 14.0761 0.161271 0 0 0 
2.6 0.011382 13.3373 0.161348 0 0 0 
2.6 0.011924 13.4916 0.169089 0 0 0 
2.6 0.012466 13.0628 0.168663 0 0 0 
2.6 0.013008 12.4695 0.168801 0 0 0 
2.6 0.01355 12.0696 0.166484 0 0 0 
2.6 0.014092 11.4247 0.163578 0 0 0 
2.6 0.014634 11.1605 0.175087 0 0 0 
2.6 0.015176 11.1886 0.182342 0 0 0 
2.6 0.015718 10.9119 0.190545 0 0 0 
2.6 0.01626 10.0426 0.188067 0 0 0 
2.6 0.016802 9.57863 0.182143 0 0 0 
2.6 0.017344 9.82054 0.218681 0 0 0 
2.6 0.017886 9.42443 0.236423 0 0 0 
2.6 0.018428 9.22743 0.250191 0 0 0 
2.6 0.01897 8.63468 0.260957 0 0 0 
2.6 0.019512 8.86064 0.277591 0 0 0 
2.8 0.001084 40.3251 0.451417 0 0 0 
2.8 0.001626 35.2736 0.376382 0 0 0 
2.8 0.002168 34.2703 0.373318 0 0 0 
2.8 0.00271 32.5825 0.335529 0 0 0 
2.8 0.003252 30.4496 0.319174 0 0 0 
2.8 0.003794 27.4919 0.281548 0 0 0 
2.8 0.004336 25.9705 0.270467 0 0 0 
2.8 0.004878 25.4876 0.263304 0 0 0 
2.8 0.00542 24.6589 0.244123 0 0 0 
2.8 0.005962 23.8705 0.249794 0 0 0 
2.8 0.006504 22.2111 0.219107 0 0 0 
2.8 0.007046 21.4926 0.229419 0 0 0 
2.8 0.007588 21.0863 0.239182 0 0 0 
2.8 0.00813 19.7025 0.219715 0 0 0 
2.8 0.008672 19.2818 0.217885 0 0 0 
2.8 0.009214 19.2416 0.25814 0 0 0 
2.8 0.009756 18.2788 0.212545 0 0 0 
2.8 0.010298 17.1804 0.203595 0 0 0 
2.8 0.01084 16.7359 0.200362 0 0 0 
2.8 0.011382 16.0407 0.198355 0 0 0 
2.8 0.011924 15.5269 0.198788 0 0 0 
2.8 0.012466 15.6125 0.212109 0 0 0 
2.8 0.013008 14.5197 0.201209 0 0 0 
2.8 0.01355 13.9461 0.196908 0 0 0 
2.8 0.014092 13.1705 0.196393 0 0 0 
2.8 0.014634 13.1639 0.209735 0 0 0 
2.8 0.015176 12.6688 0.216275 0 0 0 
2.8 0.015718 12.2515 0.219038 0 0 0 
2.8 0.01626 11.6421 0.2214 0 0 0 
2.8 0.016802 10.9972 0.219001 0 0 0 
2.8 0.017344 11.3875 0.257357 0 0 0 
2.8 0.017886 11.5017 0.284563 0 0 0 
2.8 0.018428 10.6822 0.305676 0 0 0 
2.8 0.01897 9.51697 0.299594 0 0 0 
2.8 0.019512 9.47667 0.315047 0 0 0 
3 0.001084 48.5604 0.623023 0 0 0 
3 0.001626 42.2868 0.516928 0 0 0 
3 0.002168 40.7857 0.502909 0 0 0 
3 0.00271 39.0906 0.467797 0 0 0 
3 0.003252 37.1633 0.454096 0 0 0 
3 0.003794 32.7635 0.396352 0 0 0 
3 0.004336 31.4224 0.386124 0 0 0 
3 0.004878 30.1022 0.36518 0 0 0 
3 0.00542 29.2912 0.344394 0 0 0 
3 0.005962 27.8613 0.346884 0 0 0 
3 0.006504 26.3638 0.314797 0 0 0 
3 0.007046 24.864 0.311924 0 0 0 
3 0.007588 25.1437 0.338185 0 0 0 
3 0.00813 23.5001 0.304908 0 0 0 
3 0.008672 22.3256 0.293505 0 0 0 
3 0.009214 21.785 0.363262 0 0 0 
3 0.009756 21.2601 0.288089 0 0 0 
3 0.010298 21.0647 0.280974 0 0 0 
3 0.01084 19.6878 0.271751 0 0 0 
3 0.011382 19.3514 0.278703 0 0 0 
3 0.011924 18.8826 0.279885 0 0 0 
3 0.012466 18.4283 0.280654 0 0 0 
3 0.013008 17.2975 0.276152 0 0 0 
3 0.01355 17.0824 0.275697 0 0 0 
3 0.014092 15.4105 0.263721 0 0 0 
3 0.014634 16.036 0.287154 0 0 0 
3 0.015176 15.7573 0.296862 0 0 0 
3 0.015718 14.9916 0.305069 0 0 0 
3 0.01626 14.0187 0.303155 0 0 0 
3 0.016802 13.1689 0.285243 0 0 0 
3 0.017344 14.0704 0.34388 0 0 0 
3 0.017886 12.9318 0.352084 0 0 0 
3 0.018428 12.7606 0.387812 0 0 0 
3 0.01897 11.2425 0.371478 0 0 0 
3 0.019512 11.4034 0.397505 0 0 0 
3.2 0.001084 58.8765 0.910503 0 0 0 
3.2 0.001626 50.0277 0.733184 0 0 0 
3.2 0.002168 50.2518 0.736364 0 0 0 
3.2 0.00271 47.0362 0.694386 0 0 0 
3.2 0.003252 44.8164 0.654039 0 0 0 
3.2 0.003794 41.1986 0.608226 0 0 0 
3.2 0.004336 38.5268 0.567838 0 0 0 
3.2 0.004878 37.1677 0.553553 0 0 0 
3.2 0.00542 35.8042 0.498773 0 0 0 
3.2 0.005962 33.5521 0.49983 0 0 0 
3.2 0.006504 32.753 0.469407 0 0 0 
3.2 0.007046 31.5812 0.490563 0 0 0 
3.2 0.007588 30.4393 0.469766 0 0 0 
3.2 0.00813 27.94 0.436747 0 0 0 
3.2 0.008672 27.4108 0.435364 0 0 0 
3.2 0.009214 27.5384 0.559244 0 0 0 
3.2 0.009756 25.9037 0.42907 0 0 0 
3.2 0.010298 24.9302 0.41624 0 0 0 
3.2 0.01084 24.4483 0.413521 0 0 0 
3.2 0.011382 23.4218 0.397688 0 0 0 
3.2 0.011924 23.1197 0.409715 0 0 0 
3.2 0.012466 22.1186 0.409013 0 0 0 
3.2 0.013008 20.5818 0.392098 0 0 0 
3.2 0.01355 20.8869 0.403206 0 0 0 
3.2 0.014092 20.4581 0.411826 0 0 0 
3.2 0.014634 19.2845 0.408347 0 0 0 
3.2 0.015176 19.4991 0.42502 0 0 0 
3.2 0.015718 18.4815 0.443437 0 0 0 
3.2 0.01626 17.4444 0.418559 0 0 0 
3.2 0.016802 17.6236 0.427229 0 0 0 
3.2 0.017344 16.9038 0.491815 0 0 0 
3.2 0.017886 15.8169 0.49149 0 0 0 
3.2 0.018428 15.7867 0.529979 0 0 0 
3.2 0.01897 15.7283 0.550951 0 0 0 
3.2 0.019512 15.1339 0.567802 0 0 0 
3.4 0.001084 67.8931 1.22518 0 0 0 
3.4 0.001626 61.1051 1.07181 0 0 0 
3.4 0.002168 59.8426 1.02374 0 0 0 
3.4 0.00271 55.0345 0.983579 0 0 0 
3.4 0.003252 51.3642 0.918471 0 0 0 
3.4 0.003794 48.604 0.830181 0 0 0 
3.4 0.004336 46.5252 0.788409 0 0 0 
3.4 0.004878 43.5345 0.77034 0 0 0 
3.4 0.00542 42.0262 0.697882 0 0 0 
3.4 0.005962 41.2706 0.737271 0 0 0 
3.4 0.006504 37.301 0.630692 0 0 0 
3.4 0.007046 34.9837 0.640617 0 0 0 
3.4 0.007588 36.6535 0.713986 0 0 0 
3.4 0.00813 35.6729 0.678071 0 0 0 
3.4 0.008672 32.5905 0.610236 0 0 0 
3.4 0.009214 32.8285 0.76004 0 0 0 
3.4 0.009756 30.1452 0.598994 0 0 0 
3.4 0.010298 30.4356 0.601962 0 0 0 
3.4 0.01084 28.8539 0.588918 0 0 0 
3.4 0.011382 26.89 0.571578 0 0 0 
3.4 0.011924 28.6985 0.623923 0 0 0 
3.4 0.012466 27.082 0.603165 0 0 0 
3.4 0.013008 26.4193 0.600787 0 0 0 
3.4 0.01355 23.9104 0.575133 0 0 0 
3.4 0.014092 25.6235 0.629246 0 0 0 
3.4 0.014634 24.9784 0.588412 0 0 0 
3.4 0.015176 23.6054 0.636918 0 0 0 
3.4 0.015718 23.3501 0.649874 0 0 0 
3.4 0.01626 21.792 0.646275 0 0 0 
3.4 0.016802 21.2547 0.641148 0 0 0 
3.4 0.017344 21.1113 0.709139 0 0 0 
3.4 0.017886 21.4532 0.792639 0 0 0 
3.4 0.018428 19.4289 0.798782 0 0 0 
3.4 0.01897 18.9387 0.847218 0 0 0 
3.4 0.019512 17.4625 0.801072 0 0 0 
3.6 0.001084 74.3887 1.8309 0 0 0 
3.6 0.001626 70.588 1.70338 0 0 0 
3.6 0.002168 66.9078 1.6613 0 0 0 
3.6 0.00271 68.0988 1.65739 0 0 0 
3.6 0.003252 61.6636 1.48007 0 0 0 
3.6 0.003794 58.9409 1.46827 0 0 0 
3.6 0.004336 53.991 1.30192 0 0 0 
3.6 0.004878 51.0266 1.27481 0 0 0 
3.6 0.00542 49.1423 1.18492 0 0 0 
3.6 0.005962 47.7225 1.24448 0 0 0 
3.6 0.006504 46.5126 1.1627 0 0 0 
3.6 0.007046 42.8963 1.07333 0 0 0 
3.6 0.007588 42.5424 1.2106 0 0 0 
3.6 0.00813 40.1235 1.12153 0 0 0 
3.6 0.008672 40.1363 1.01357 0 0 0 
3.6 0.009214 40.2705 1.26866 0 0 0 
3.6 0.009756 36.6606 1.02775 0 0 0 
3.6 0.010298 34.2344 1.0148 0 0 0 
3.6 0.01084 33.9292 0.971969 0 0 0 
3.6 0.011382 33.6839 0.984482 0 0 0 
3.6 0.011924 32.1446 0.972466 0 0 0 
3.6 0.012466 31.8941 0.992705 0 0 0 
3.6 0.013008 30.3342 0.932686 0 0 0 
3.6 0.01355 30.2456 0.927346 0 0 0 
3.6 0.014092 28.4885 1.01883 0 0 0 
3.6 0.014634 28.3733 0.985269 0 0 0 
3.6 0.015176 29.259 1.04073 0 0 0 
3.6 0.015718 27.6645 1.04849 0 0 0 
3.6 0.01626 25.8614 0.993825 0 0 0 
3.6 0.016802 24.6459 1.03598 0 0 0 
3.6 0.017344 26.1472 1.11444 0 0 0 
3.6 0.017886 25.6735 1.12654 0 0 0 
3.6 0.018428 24.3336 1.18898 0 0 0 
3.6 0.01897 24.0823 1.25031 0 0 0 
3.6 0.019512 24.9413 1.40527 0 0 0 
3.8 0.001084 87.6505 3.33796 0 0 0 
3.8 0.001626 84.4292 3.25534 0 0 0 
3.8 0.002168 88.5968 3.41279 0 0 0 
3.8 0.00271 75.4447 2.94203 0 0 0 
3.8 0.003252 73.6592 3.06606 0 0 0 
3.8 0.003794 72.86 2.69812 0 0 0 
3.8 0.004336 64.5707 2.49614 0 0 0 
3.8 0.004878 58.3822 2.29086 0 0 0 
3.8 0.00542 61.2735 2.34987 0 0 0 
3.8 0.005962 60.2933 2.32955 0 0 0 
3.8 0.006504 55.1377 2.18797 0 0 0 
3.8 0.007046 51.7424 2.14771 0 0 0 
3.8 0.007588 50.9001 2.20598 0 0 0 
3.8 0.00813 49.8942 2.09089 0 0 0 
3.8 0.008672 44.7465 1.83739 0 0 0 
3.8 0.009214 44.9169 2.29183 0 0 0 
3.8 0.009756 44.608 1.87671 0 0 0 
3.8 0.010298 44.2377 2.02261 0 0 0 
3.8 0.01084 41.6586 1.70504 0 0 0 
3.8 0.011382 39.7797 1.97542 0 0 0 
3.8 0.011924 39.5952 1.79016 0 0 0 
3.8 0.012466 40.193 1.89344 0 0 0 
3.8 0.013008 37.3264 1.73587 0 0 0 
3.8 0.01355 38.2536 1.86927 0 0 0 
3.8 0.014092 40.3088 2.0471 0 0 0 
3.8 0.014634 35.0768 1.90607 0 0 0 
3.8 0.015176 34.0073 1.85216 0 0 0 
3.8 0.015718 37.9182 2.04261 0 0 0 
3.8 0.01626 32.6458 1.92602 0 0 0 
3.8 0.016802 29.5886 1.7308 0 0 0 
3.8 0.017344 31.3707 1.94006 0 0 0 
3.8 0.017886 32.5584 2.27452 0 0 0 
3.8 0.018428 34.3181 2.28485 0 0 0 
3.8 0.01897 34.685 2.28542 0 0 0 
3.8 0.019512 30.212 2.07487 0 0 0 
4 0.001084 108.732 6.28936 0 0 0 
4 0.001626 114.164 6.93254 0 0 0 
4 0.002168 90.2711 5.43813 0 0 0 
4 0.00271 89.1801 5.40313 0 0 0 
4 0.003252 85.6624 4.32298 0 0 0 
4 0.003794 77.7764 4.51821 0 0 0 
4 0.004336 77.9052 4.39467 0 0 0 
4 0.004878 76.6197 4.59527 0 0 0 
4 0.00542 73.1319 4.07517 0 0 0 
4 0.005962 72.6005 4.2641 0 0 0 
4 0.006504 65.9248 3.71097 0 0 0 
4 0.007046 56.2193 3.53727 0 0 0 
4 0.007588 57.5523 3.87387 0 0 0 
4 0.00813 57.069 3.40841 0 0 0 
4 0.008672 57.5878 3.81925 0 0 0 
4 0.009214 48.966 3.36936 0 0 0 
4 0.009756 57.5655 3.48611 0 0 0 
4 0.010298 56.4638 3.51257 0 0 0 
4 0.01084 52.5563 3.39405 0 0 0 
4 0.011382 51.217 3.29739 0 0 0 
4 0.011924 51.1804 3.42385 0 0 0 
4 0.012466 44.8119 3.28316 0 0 0 
4 0.013008 46.26 3.55866 0 0 0 
4 0.01355 47.8278 3.22917 0 0 0 
4 0.014092 37.3333 3.00248 0 0 0 
4 0.014634 45.0961 3.84116 0 0 0 
4 0.015176 42.4718 3.42596 0 0 0 
4 0.015718 44.167 3.29992 0 0 0 
4 0.01626 42.9234 3.61818 0 0 0 
4 0.016802 47.3409 3.9313 0 0 0 
4 0.017344 39.5649 3.80319 0 0 0 
4 0.017886 52.8982 4.55436 0 0 0 
4 0.018428 44.9948 4.43154 0 0 0 
4 0.01897 38.9029 4.33602 0 0 0 
4 0.019512 41.7394 5.05022 0 0 0 
4.2 0.001084 131.884 10.1369 0 0 0 
4.2 0.001626 107.33 8.78849 0 0 0 
4.2 0.002168 124.719 8.54312 0 0 0 
4.2 0.00271 121.623 8.81263 0 0 0 
4.2 0.003252 97.8617 7.59787 0 0 0 
4.2 0.003794 100.038 7.93612 0 0 0 
4.2 0.004336 101.198 7.85428 0 0 0 
4.2 0.004878 104.487 7.2241 0 0 0 
4.2 0.00542 91.8674 7.24171 0 0 0 
4.2 0.005962 71.2554 5.31966 0 0 0 
4.2 0.006504 80.0107 6.64747 0 0 0 
4.2 0.007046 73.0576 5.77609 0 0 0 
4.2 0.007588 76.2332 5.82498 0 0 0 
4.2 0.00813 81.3393 6.23512 0 0 0 
4.2 0.008672 72.9233 5.87769 0 0 0 
4.2 0.009214 83.4173 8.20456 0 0 0 
4.2 0.009756 71.844 5.77988 0 0 0 
4.2 0.010298 66.3814 5.75697 0 0 0 
4.2 0.01084 64.7873 6.43646 0 0 0 
4.2 0.011382 53.3799 4.80197 0 0 0 
4.2 0.011924 67.8389 6.57073 0 0 0 
4.2 0.012466 61.932 6.43264 0 0 0 
4.2 0.013008 58.0886 5.26555 0 0 0 
4.2 0.01355 56.5486 6.27077 0 0 0 
4.2 0.014092 54.6808 5.06656 0 0 0 
4.2 0.014634 55.2082 5.54817 0 0 0 
4.2 0.015176 53.3595 5.31889 0 0 0 
4.2 0.015718 48.065 5.05682 0 0 0 
4.2 0.01626 59.2449 6.22205 0 0 0 
4.2 0.016802 50.2558 6.84352 0 0 0 
4.2 0.017344 55.2824 6.01662 0 0 0 
4.2 0.017886 45.2884 6.24781 0 0 0 
4.2 0.018428 61.9082 8.11801 0 0 0 
4.2 0.01897 44.6683 6.33911 0 0 0 
4.2 0.019512 56.4769 8.00402 0 0 0 
4.4 0.001084 151.747 13.2225 0 0 0 
4.4 0.001626 115.499 11.0643 0 0 0 
4.4 0.002168 118.403 11.6469 0 0 0 
4.4 0.00271 111.523 10.8669 0 0 0 
4.4 0.003252 117.484 13.2024 0 0 0 
4.4 0.003794 90.5645 8.89058 0 0 0 
4.4 0.004336 100.787 10.0196 0 0 0 
4.4 0.004878 94.1526 10.8499 0 0 0 
4.4 0.00542 96.0394 9.64258 0 0 0 
4.4 0.005962 93.8828 9.24753 0 0 0 
4.4 0.006504 80.1863 8.4997 0 0 0 
4.4 0.007046 91.9622 8.71473 0 0 0 
4.4 0.007588 86.1322 11.4992 0 0 0 
4.4 0.00813 79.5455 9.16951 0 0 0 
4.4 0.008672 68.0677 6.77941 0 0 0 
4.4 0.009214 78.2473 10.1357 0 0 0 
4.4 0.009756 78.8806 7.77719 0 0 0 
4.4 0.010298 76.5932 9.50417 0 0 0 
4.4 0.01084 71.7809 8.24469 0 0 0 
4.4 0.011382 70.2071 7.22558 0 0 0 
4.4 0.011924 63.4876 8.01588 0 0 0 
4.4 0.012466 69.9742 8.45655 0 0 0 
4.4 0.013008 69.1604 9.55171 0 0 0 
4.4 0.01355 65.5097 7.42392 0 0 0 
4.4 0.014092 63.3014 7.41715 0 0 0 
4.4 0.014634 49.9165 6.86598 0 0 0 
4.4 0.015176 60.2822 8.07201 0 0 0 
4.4 0.015718 47.3802 7.24237 0 0 0 
4.4 0.01626 58.7976 9.18835 0 0 0 
4.4 0.016802 48.8015 7.0385 0 0 0 
4.4 0.017344 58.7384 9.0563 0 0 0 
4.4 0.017886 58.6838 8.57689 0 0 0 
4.4 0.018428 34.3649 6.74961 0 0 0 
4.4 0.01897 69.542 11.4439 0 0 0 
4.4 0.019512 36.7219 8.63615 0 0 0 
4.6 0.001084 215.195 24.4863 0 0 0 
4.6 0.001626 161.569 21.7225 0 0 0 
4.6 0.002168 158.884 20.9918 0 0 0 
4.6 0.00271 145.235 24.6146 0 0 0 
4.6 0.003252 129.629 19.4161 0 0 0 
4.6 0.003794 130.639 18.2009 0 0 0 
4.6 0.004336 117.581 18.1998 0 0 0 
4.6 0.004878 94.6653 12.9417 0 0 0 
4.6 0.00542 112.289 17.0983 0 0 0 
4.6 0.005962 135.149 26.8464 0 0 0 
4.6 0.006504 136.174 19.1709 0 0 0 
4.6 0.007046 61.4409 9.12924 0 0 0 
4.6 0.007588 101.754 16.5731 0 0 0 
4.6 0.00813 82.0889 11.8247 0 0 0 
4.6 0.008672 81.2441 9.48306 0 0 0 
4.6 0.009214 81.9594 16.0231 0 0 0 
4.6 0.009756 91.0486 13.7745 0 0 0 
4.6 0.010298 69.4492 9.64622 0 0 0 
4.6 0.01084 50.9788 10.0563 0 0 0 
4.6 0.011382 81.7565 13.9646 0 0 0 
4.6 0.011924 53.9683 10.7618 0 0 0 
4.6 0.012466 72.3559 13.6362 0 0 0 
4.6 0.013008 72.4925 12.9304 0 0 0 
4.6 0.01355 55.8962 12.8032 0 0 0 
4.6 0.014092 63.2191 11.2256 0 0 0 
4.6 0.014634 49.8177 11.1058 0 0 0 
4.6 0.015176 63.1108 15.0017 0 0 0 
4.6 0.015718 81.2933 12.153 0 0 0 
4.6 0.01626 70.6979 13.5438 0 0 0 
4.6 0.016802 78.4563 16.2673 0 0 0 
4.6 0.017344 72.4193 11.9706 0 0 0 
4.6 0.017886 51.4792 11.9199 0 0 0 
4.6 0.018428 52.6272 11.382 0 0 0 
4.6 0.01897 62.3586 12.2327 0 0 0 
4.6 0.019512 34.7176 11.3765 0 0 0 
