1.899999999999999911e+00 1.083999999999999894e-03 1.297416919781356981e+01 5.445130000000000248e-01 -1.000000000000000000e+00 -1.000000000000000000e+00 -1.000000000000000000e+00
1.899999999999999911e+00 1.626000000000000058e-03 1.207731852160334718e+01 4.950470000000000148e-01 -1.000000000000000000e+00 -1.000000000000000000e+00 -1.000000000000000000e+00
1.899999999999999911e+00 2.167999999999999788e-03 1.179409889792017729e+01 4.700909999999999811e-01 -1.000000000000000000e+00 -1.000000000000000000e+00 -1.000000000000000000e+00
1.899999999999999911e+00 2.710000000000000169e-03 1.157403099018093506e+01 4.222330000000000250e-01 -1.000000000000000000e+00 -1.000000000000000000e+00 -1.000000000000000000e+00
1.899999999999999911e+00 3.252000000000000116e-03 1.073255845267971331e+01 3.959309999999999774e-01 -1.000000000000000000e+00 -1.000000000000000000e+00 -1.000000000000000000e+00
1.899999999999999911e+00 3.794000000000000063e-03 9.893906416653109659e+00 3.741689999999999738e-01 -1.000000000000000000e+00 -1.000000000000000000e+00 -1.000000000000000000e+00
1.899999999999999911e+00 4.335999999999999577e-03 9.642262650941903601e+00 3.668580000000000174e-01 -1.000000000000000000e+00 -1.000000000000000000e+00 -1.000000000000000000e+00
1.899999999999999911e+00 4.878000000000000391e-03 9.820779756469672606e+00 3.652449999999999863e-01 -1.000000000000000000e+00 -1.000000000000000000e+00 -1.000000000000000000e+00
1.899999999999999911e+00 5.420000000000000338e-03 9.208799729196057271e+00 3.564359999999999751e-01 -1.000000000000000000e+00 -1.000000000000000000e+00 -1.000000000000000000e+00
1.899999999999999911e+00 5.962000000000000285e-03 8.794942732334762425e+00 3.544370000000000021e-01 -1.000000000000000000e+00 -1.000000000000000000e+00 -1.000000000000000000e+00
1.899999999999999911e+00 6.504000000000000233e-03 9.087586958506296497e+00 3.610889999999999933e-01 -1.000000000000000000e+00 -1.000000000000000000e+00 -1.000000000000000000e+00
1.899999999999999911e+00 7.046000000000000180e-03 8.338571835197489790e+00 3.759500000000000064e-01 -1.000000000000000000e+00 -1.000000000000000000e+00 -1.000000000000000000e+00
1.899999999999999911e+00 7.588000000000000127e-03 7.612602272717895247e+00 3.470210000000000239e-01 -1.000000000000000000e+00 -1.000000000000000000e+00 -1.000000000000000000e+00
1.899999999999999911e+00 8.130000000000000074e-03 7.497030504977373333e+00 3.681610000000000160e-01 -1.000000000000000000e+00 -1.000000000000000000e+00 -1.000000000000000000e+00
1.899999999999999911e+00 8.671999999999999154e-03 7.450801797881165811e+00 3.654299999999999771e-01 -1.000000000000000000e+00 -1.000000000000000000e+00 -1.000000000000000000e+00
1.899999999999999911e+00 9.213999999999999968e-03 7.155956204705050894e+00 4.000199999999999867e-01 -1.000000000000000000e+00 -1.000000000000000000e+00 -1.000000000000000000e+00
1.899999999999999911e+00 9.756000000000000782e-03 7.030753456319486006e+00 4.289939999999999864e-01 -1.000000000000000000e+00 -1.000000000000000000e+00 -1.000000000000000000e+00
1.899999999999999911e+00 1.029799999999999986e-02 7.071616331342027273e+00 4.194200000000000150e-01 -1.000000000000000000e+00 -1.000000000000000000e+00 -1.000000000000000000e+00
1.899999999999999911e+00 1.084000000000000068e-02 6.553077454140999514e+00 4.338489999999999847e-01 -1.000000000000000000e+00 -1.000000000000000000e+00 -1.000000000000000000e+00
1.899999999999999911e+00 1.138199999999999976e-02 6.054172018912082009e+00 4.408710000000000129e-01 -1.000000000000000000e+00 -1.000000000000000000e+00 -1.000000000000000000e+00
1.899999999999999911e+00 1.192400000000000057e-02 5.922461479319224509e+00 5.017300000000000093e-01 -1.000000000000000000e+00 -1.000000000000000000e+00 -1.000000000000000000e+00
1.899999999999999911e+00 1.246599999999999965e-02 5.884577329024756942e+00 5.003149999999999542e-01 -1.000000000000000000e+00 -1.000000000000000000e+00 -1.000000000000000000e+00
1.899999999999999911e+00 1.300800000000000047e-02 5.698554937865742964e+00 5.456459999999999644e-01 -1.000000000000000000e+00 -1.000000000000000000e+00 -1.000000000000000000e+00
1.899999999999999911e+00 1.354999999999999954e-02 5.015649617413271422e+00 5.429479999999999862e-01 -1.000000000000000000e+00 -1.000000000000000000e+00 -1.000000000000000000e+00
1.899999999999999911e+00 1.409200000000000036e-02 5.079764431421703641e+00 6.031029999999999447e-01 -1.000000000000000000e+00 -1.000000000000000000e+00 -1.000000000000000000e+00
1.899999999999999911e+00 1.463399999999999944e-02 5.448018734928717244e+00 7.324410000000000087e-01 -1.000000000000000000e+00 -1.000000000000000000e+00 -1.000000000000000000e+00
1.899999999999999911e+00 1.517600000000000025e-02 5.130946214278220729e+00 7.923069999999999835e-01 -1.000000000000000000e+00 -1.000000000000000000e+00 -1.000000000000000000e+00
1.899999999999999911e+00 1.571799999999999933e-02 4.734665757094129290e+00 8.153430000000000399e-01 -1.000000000000000000e+00 -1.000000000000000000e+00 -1.000000000000000000e+00
1.899999999999999911e+00 1.626000000000000015e-02 5.177484488609447766e+00 9.000690000000000079e-01 -1.000000000000000000e+00 -1.000000000000000000e+00 -1.000000000000000000e+00
1.899999999999999911e+00 1.680200000000000096e-02 5.606008093138765247e+00 1.005700000000000038e+00 -1.000000000000000000e+00 -1.000000000000000000e+00 -1.000000000000000000e+00
1.899999999999999911e+00 1.734399999999999831e-02 6.361943763968223919e+00 1.205459999999999976e+00 -1.000000000000000000e+00 -1.000000000000000000e+00 -1.000000000000000000e+00
1.899999999999999911e+00 1.788599999999999912e-02 4.527682224488367879e+00 1.373699999999999921e+00 -1.000000000000000000e+00 -1.000000000000000000e+00 -1.000000000000000000e+00
1.899999999999999911e+00 1.842799999999999994e-02 4.322535457477053811e+00 1.489800000000000013e+00 -1.000000000000000000e+00 -1.000000000000000000e+00 -1.000000000000000000e+00
1.899999999999999911e+00 1.897000000000000075e-02 5.187996016056323434e+00 1.656530000000000058e+00 -1.000000000000000000e+00 -1.000000000000000000e+00 -1.000000000000000000e+00
1.899999999999999911e+00 1.951200000000000156e-02 3.068932620358754804e+00 1.762000000000000011e+00 -1.000000000000000000e+00 -1.000000000000000000e+00 -1.000000000000000000e+00
2.200000000000000178e+00 1.083999999999999894e-03 1.885979999999999990e+01 5.445130000000000248e-01 0.000000000000000000e+00 0.000000000000000000e+00 0.000000000000000000e+00
2.200000000000000178e+00 1.626000000000000058e-03 1.755610000000000070e+01 4.950470000000000148e-01 0.000000000000000000e+00 0.000000000000000000e+00 0.000000000000000000e+00
2.200000000000000178e+00 2.167999999999999788e-03 1.714440000000000097e+01 4.700909999999999811e-01 0.000000000000000000e+00 0.000000000000000000e+00 0.000000000000000000e+00
2.200000000000000178e+00 2.710000000000000169e-03 1.682450000000000045e+01 4.222330000000000250e-01 0.000000000000000000e+00 0.000000000000000000e+00 0.000000000000000000e+00
2.200000000000000178e+00 3.252000000000000116e-03 1.560130000000000017e+01 3.959309999999999774e-01 0.000000000000000000e+00 0.000000000000000000e+00 0.000000000000000000e+00
2.200000000000000178e+00 3.794000000000000063e-03 1.438219999999999921e+01 3.741689999999999738e-01 0.000000000000000000e+00 0.000000000000000000e+00 0.000000000000000000e+00
2.200000000000000178e+00 4.335999999999999577e-03 1.401640000000000086e+01 3.668580000000000174e-01 0.000000000000000000e+00 0.000000000000000000e+00 0.000000000000000000e+00
2.200000000000000178e+00 4.878000000000000391e-03 1.427590000000000003e+01 3.652449999999999863e-01 0.000000000000000000e+00 0.000000000000000000e+00 0.000000000000000000e+00
2.200000000000000178e+00 5.420000000000000338e-03 1.338630000000000031e+01 3.564359999999999751e-01 0.000000000000000000e+00 0.000000000000000000e+00 0.000000000000000000e+00
2.200000000000000178e+00 5.962000000000000285e-03 1.278470000000000084e+01 3.544370000000000021e-01 0.000000000000000000e+00 0.000000000000000000e+00 0.000000000000000000e+00
2.200000000000000178e+00 6.504000000000000233e-03 1.321010000000000062e+01 3.610889999999999933e-01 0.000000000000000000e+00 0.000000000000000000e+00 0.000000000000000000e+00
2.200000000000000178e+00 7.046000000000000180e-03 1.212129999999999974e+01 3.759500000000000064e-01 0.000000000000000000e+00 0.000000000000000000e+00 0.000000000000000000e+00
2.200000000000000178e+00 7.588000000000000127e-03 1.106600000000000072e+01 3.470210000000000239e-01 0.000000000000000000e+00 0.000000000000000000e+00 0.000000000000000000e+00
2.200000000000000178e+00 8.130000000000000074e-03 1.089799999999999969e+01 3.681610000000000160e-01 0.000000000000000000e+00 0.000000000000000000e+00 0.000000000000000000e+00
2.200000000000000178e+00 8.671999999999999154e-03 1.083079999999999998e+01 3.654299999999999771e-01 0.000000000000000000e+00 0.000000000000000000e+00 0.000000000000000000e+00
2.200000000000000178e+00 9.213999999999999968e-03 1.040220000000000056e+01 4.000199999999999867e-01 0.000000000000000000e+00 0.000000000000000000e+00 0.000000000000000000e+00
2.200000000000000178e+00 9.756000000000000782e-03 1.022020000000000017e+01 4.289939999999999864e-01 0.000000000000000000e+00 0.000000000000000000e+00 0.000000000000000000e+00
2.200000000000000178e+00 1.029799999999999986e-02 1.027960000000000029e+01 4.194200000000000150e-01 0.000000000000000000e+00 0.000000000000000000e+00 0.000000000000000000e+00
2.200000000000000178e+00 1.084000000000000068e-02 9.525829999999999131e+00 4.338489999999999847e-01 0.000000000000000000e+00 0.000000000000000000e+00 0.000000000000000000e+00
2.200000000000000178e+00 1.138199999999999976e-02 8.800599999999999312e+00 4.408710000000000129e-01 0.000000000000000000e+00 0.000000000000000000e+00 0.000000000000000000e+00
2.200000000000000178e+00 1.192400000000000057e-02 8.609140000000000015e+00 5.017300000000000093e-01 0.000000000000000000e+00 0.000000000000000000e+00 0.000000000000000000e+00
2.200000000000000178e+00 1.246599999999999965e-02 8.554069999999999396e+00 5.003149999999999542e-01 0.000000000000000000e+00 0.000000000000000000e+00 0.000000000000000000e+00
2.200000000000000178e+00 1.300800000000000047e-02 8.283659999999999357e+00 5.456459999999999644e-01 0.000000000000000000e+00 0.000000000000000000e+00 0.000000000000000000e+00
2.200000000000000178e+00 1.354999999999999954e-02 7.290960000000000107e+00 5.429479999999999862e-01 0.000000000000000000e+00 0.000000000000000000e+00 0.000000000000000000e+00
2.200000000000000178e+00 1.409200000000000036e-02 7.384159999999999613e+00 6.031029999999999447e-01 0.000000000000000000e+00 0.000000000000000000e+00 0.000000000000000000e+00
2.200000000000000178e+00 1.463399999999999944e-02 7.919469999999999565e+00 7.324410000000000087e-01 0.000000000000000000e+00 0.000000000000000000e+00 0.000000000000000000e+00
2.200000000000000178e+00 1.517600000000000025e-02 7.458560000000000301e+00 7.923069999999999835e-01 0.000000000000000000e+00 0.000000000000000000e+00 0.000000000000000000e+00
2.200000000000000178e+00 1.571799999999999933e-02 6.882509999999999906e+00 8.153430000000000399e-01 0.000000000000000000e+00 0.000000000000000000e+00 0.000000000000000000e+00
2.200000000000000178e+00 1.626000000000000015e-02 7.526209999999999845e+00 9.000690000000000079e-01 0.000000000000000000e+00 0.000000000000000000e+00 0.000000000000000000e+00
2.200000000000000178e+00 1.680200000000000096e-02 8.149129999999999541e+00 1.005700000000000038e+00 0.000000000000000000e+00 0.000000000000000000e+00 0.000000000000000000e+00
2.200000000000000178e+00 1.734399999999999831e-02 9.247989999999999711e+00 1.205459999999999976e+00 0.000000000000000000e+00 0.000000000000000000e+00 0.000000000000000000e+00
2.200000000000000178e+00 1.788599999999999912e-02 6.581629999999999647e+00 1.373699999999999921e+00 0.000000000000000000e+00 0.000000000000000000e+00 0.000000000000000000e+00
2.200000000000000178e+00 1.842799999999999994e-02 6.283419999999999561e+00 1.489800000000000013e+00 0.000000000000000000e+00 0.000000000000000000e+00 0.000000000000000000e+00
2.200000000000000178e+00 1.897000000000000075e-02 7.541489999999999583e+00 1.656530000000000058e+00 0.000000000000000000e+00 0.000000000000000000e+00 0.000000000000000000e+00
2.200000000000000178e+00 1.951200000000000156e-02 4.461129999999999818e+00 1.762000000000000011e+00 0.000000000000000000e+00 0.000000000000000000e+00 0.000000000000000000e+00
2.399999999999999911e+00 1.083999999999999894e-03 2.553049999999999997e+01 4.574799999999999978e-01 0.000000000000000000e+00 0.000000000000000000e+00 0.000000000000000000e+00
2.399999999999999911e+00 1.626000000000000058e-03 2.172390000000000043e+01 3.769350000000000200e-01 0.000000000000000000e+00 0.000000000000000000e+00 0.000000000000000000e+00
2.399999999999999911e+00 2.167999999999999788e-03 2.135920000000000130e+01 3.704189999999999983e-01 0.000000000000000000e+00 0.000000000000000000e+00 0.000000000000000000e+00
2.399999999999999911e+00 2.710000000000000169e-03 2.105010000000000048e+01 3.484430000000000027e-01 0.000000000000000000e+00 0.000000000000000000e+00 0.000000000000000000e+00
2.399999999999999911e+00 3.252000000000000116e-03 2.031159999999999854e+01 3.542029999999999901e-01 0.000000000000000000e+00 0.000000000000000000e+00 0.000000000000000000e+00
2.399999999999999911e+00 3.794000000000000063e-03 1.802619999999999933e+01 3.251859999999999751e-01 0.000000000000000000e+00 0.000000000000000000e+00 0.000000000000000000e+00
2.399999999999999911e+00 4.335999999999999577e-03 1.746709999999999852e+01 3.155990000000000184e-01 0.000000000000000000e+00 0.000000000000000000e+00 0.000000000000000000e+00
2.399999999999999911e+00 4.878000000000000391e-03 1.669259999999999877e+01 3.015550000000000175e-01 0.000000000000000000e+00 0.000000000000000000e+00 0.000000000000000000e+00
2.399999999999999911e+00 5.420000000000000338e-03 1.610030000000000072e+01 2.905940000000000190e-01 0.000000000000000000e+00 0.000000000000000000e+00 0.000000000000000000e+00
2.399999999999999911e+00 5.962000000000000285e-03 1.635920000000000130e+01 3.219589999999999952e-01 0.000000000000000000e+00 0.000000000000000000e+00 0.000000000000000000e+00
2.399999999999999911e+00 6.504000000000000233e-03 1.508009999999999984e+01 3.063549999999999884e-01 0.000000000000000000e+00 0.000000000000000000e+00 0.000000000000000000e+00
2.399999999999999911e+00 7.046000000000000180e-03 1.452149999999999963e+01 3.060289999999999955e-01 0.000000000000000000e+00 0.000000000000000000e+00 0.000000000000000000e+00
2.399999999999999911e+00 7.588000000000000127e-03 1.399259999999999948e+01 3.022139999999999826e-01 0.000000000000000000e+00 0.000000000000000000e+00 0.000000000000000000e+00
2.399999999999999911e+00 8.130000000000000074e-03 1.348550000000000004e+01 2.974470000000000169e-01 0.000000000000000000e+00 0.000000000000000000e+00 0.000000000000000000e+00
2.399999999999999911e+00 8.671999999999999154e-03 1.229030000000000022e+01 2.912759999999999794e-01 0.000000000000000000e+00 0.000000000000000000e+00 0.000000000000000000e+00
2.399999999999999911e+00 9.213999999999999968e-03 1.268790000000000084e+01 3.162639999999999896e-01 0.000000000000000000e+00 0.000000000000000000e+00 0.000000000000000000e+00
2.399999999999999911e+00 9.756000000000000782e-03 1.217619999999999969e+01 3.350750000000000117e-01 0.000000000000000000e+00 0.000000000000000000e+00 0.000000000000000000e+00
2.399999999999999911e+00 1.029799999999999986e-02 1.121679999999999922e+01 3.194580000000000197e-01 0.000000000000000000e+00 0.000000000000000000e+00 0.000000000000000000e+00
2.399999999999999911e+00 1.084000000000000068e-02 1.067559999999999931e+01 3.158489999999999909e-01 0.000000000000000000e+00 0.000000000000000000e+00 0.000000000000000000e+00
2.399999999999999911e+00 1.138199999999999976e-02 1.128420000000000023e+01 3.449800000000000089e-01 0.000000000000000000e+00 0.000000000000000000e+00 0.000000000000000000e+00
2.399999999999999911e+00 1.192400000000000057e-02 1.051030000000000086e+01 3.671470000000000011e-01 0.000000000000000000e+00 0.000000000000000000e+00 0.000000000000000000e+00
2.399999999999999911e+00 1.246599999999999965e-02 1.067869999999999919e+01 4.137080000000000202e-01 0.000000000000000000e+00 0.000000000000000000e+00 0.000000000000000000e+00
2.399999999999999911e+00 1.300800000000000047e-02 9.850929999999999964e+00 4.109439999999999760e-01 0.000000000000000000e+00 0.000000000000000000e+00 0.000000000000000000e+00
2.399999999999999911e+00 1.354999999999999954e-02 9.154700000000000060e+00 3.958499999999999797e-01 0.000000000000000000e+00 0.000000000000000000e+00 0.000000000000000000e+00
2.399999999999999911e+00 1.409200000000000036e-02 9.315369999999999706e+00 4.526430000000000176e-01 0.000000000000000000e+00 0.000000000000000000e+00 0.000000000000000000e+00
2.399999999999999911e+00 1.463399999999999944e-02 9.158440000000000580e+00 5.087610000000000188e-01 0.000000000000000000e+00 0.000000000000000000e+00 0.000000000000000000e+00
2.399999999999999911e+00 1.517600000000000025e-02 8.667139999999999844e+00 5.485879999999999646e-01 0.000000000000000000e+00 0.000000000000000000e+00 0.000000000000000000e+00
2.399999999999999911e+00 1.571799999999999933e-02 8.221550000000000580e+00 5.958360000000000323e-01 0.000000000000000000e+00 0.000000000000000000e+00 0.000000000000000000e+00
2.399999999999999911e+00 1.626000000000000015e-02 8.270129999999999981e+00 6.195580000000000531e-01 0.000000000000000000e+00 0.000000000000000000e+00 0.000000000000000000e+00
2.399999999999999911e+00 1.680200000000000096e-02 7.572799999999999976e+00 6.395490000000000341e-01 0.000000000000000000e+00 0.000000000000000000e+00 0.000000000000000000e+00
2.399999999999999911e+00 1.734399999999999831e-02 8.104309999999999903e+00 8.126120000000000010e-01 0.000000000000000000e+00 0.000000000000000000e+00 0.000000000000000000e+00
2.399999999999999911e+00 1.788599999999999912e-02 7.511359999999999815e+00 9.085910000000000375e-01 0.000000000000000000e+00 0.000000000000000000e+00 0.000000000000000000e+00
2.399999999999999911e+00 1.842799999999999994e-02 6.891020000000000145e+00 9.979839999999999822e-01 0.000000000000000000e+00 0.000000000000000000e+00 0.000000000000000000e+00
2.399999999999999911e+00 1.897000000000000075e-02 6.093340000000000423e+00 1.055330000000000101e+00 0.000000000000000000e+00 0.000000000000000000e+00 0.000000000000000000e+00
2.399999999999999911e+00 1.951200000000000156e-02 6.200919999999999987e+00 1.161019999999999941e+00 0.000000000000000000e+00 0.000000000000000000e+00 0.000000000000000000e+00
2.600000000000000089e+00 1.083999999999999894e-03 3.112699999999999889e+01 5.325419999999999598e-01 0.000000000000000000e+00 0.000000000000000000e+00 0.000000000000000000e+00
2.600000000000000089e+00 1.626000000000000058e-03 2.740879999999999939e+01 4.652439999999999909e-01 0.000000000000000000e+00 0.000000000000000000e+00 0.000000000000000000e+00
2.600000000000000089e+00 2.167999999999999788e-03 2.787430000000000163e+01 4.805710000000000259e-01 0.000000000000000000e+00 0.000000000000000000e+00 0.000000000000000000e+00
2.600000000000000089e+00 2.710000000000000169e-03 2.589280000000000115e+01 4.429580000000000184e-01 0.000000000000000000e+00 0.000000000000000000e+00 0.000000000000000000e+00
2.600000000000000089e+00 3.252000000000000116e-03 2.447820000000000107e+01 4.254049999999999776e-01 0.000000000000000000e+00 0.000000000000000000e+00 0.000000000000000000e+00
2.600000000000000089e+00 3.794000000000000063e-03 2.203659999999999997e+01 4.078180000000000138e-01 0.000000000000000000e+00 0.000000000000000000e+00 0.000000000000000000e+00
2.600000000000000089e+00 4.335999999999999577e-03 2.112940000000000040e+01 4.093470000000000164e-01 0.000000000000000000e+00 0.000000000000000000e+00 0.000000000000000000e+00
2.600000000000000089e+00 4.878000000000000391e-03 2.030559999999999832e+01 3.777690000000000214e-01 0.000000000000000000e+00 0.000000000000000000e+00 0.000000000000000000e+00
2.600000000000000089e+00 5.420000000000000338e-03 1.991120000000000090e+01 3.690720000000000112e-01 0.000000000000000000e+00 0.000000000000000000e+00 0.000000000000000000e+00
2.600000000000000089e+00 5.962000000000000285e-03 1.925189999999999912e+01 3.635900000000000243e-01 0.000000000000000000e+00 0.000000000000000000e+00 0.000000000000000000e+00
2.600000000000000089e+00 6.504000000000000233e-03 1.832199999999999918e+01 3.647739999999999871e-01 0.000000000000000000e+00 0.000000000000000000e+00 0.000000000000000000e+00
2.600000000000000089e+00 7.046000000000000180e-03 1.737910000000000110e+01 3.586460000000000203e-01 0.000000000000000000e+00 0.000000000000000000e+00 0.000000000000000000e+00
2.600000000000000089e+00 7.588000000000000127e-03 1.690060000000000073e+01 3.492460000000000009e-01 0.000000000000000000e+00 0.000000000000000000e+00 0.000000000000000000e+00
2.600000000000000089e+00 8.130000000000000074e-03 1.597579999999999956e+01 3.453649999999999776e-01 0.000000000000000000e+00 0.000000000000000000e+00 0.000000000000000000e+00
2.600000000000000089e+00 8.671999999999999154e-03 1.557629999999999981e+01 3.551630000000000065e-01 0.000000000000000000e+00 0.000000000000000000e+00 0.000000000000000000e+00
2.600000000000000089e+00 9.213999999999999968e-03 1.545400000000000063e+01 3.657980000000000120e-01 0.000000000000000000e+00 0.000000000000000000e+00 0.000000000000000000e+00
2.600000000000000089e+00 9.756000000000000782e-03 1.455100000000000016e+01 3.627380000000000049e-01 0.000000000000000000e+00 0.000000000000000000e+00 0.000000000000000000e+00
2.600000000000000089e+00 1.029799999999999986e-02 1.427710000000000079e+01 3.642889999999999739e-01 0.000000000000000000e+00 0.000000000000000000e+00 0.000000000000000000e+00
2.600000000000000089e+00 1.084000000000000068e-02 1.353170000000000073e+01 3.533129999999999882e-01 0.000000000000000000e+00 0.000000000000000000e+00 0.000000000000000000e+00
2.600000000000000089e+00 1.138199999999999976e-02 1.297969999999999935e+01 3.709990000000000232e-01 0.000000000000000000e+00 0.000000000000000000e+00 0.000000000000000000e+00
2.600000000000000089e+00 1.192400000000000057e-02 1.296390000000000065e+01 3.897370000000000001e-01 0.000000000000000000e+00 0.000000000000000000e+00 0.000000000000000000e+00
2.600000000000000089e+00 1.246599999999999965e-02 1.242869999999999919e+01 3.992419999999999858e-01 0.000000000000000000e+00 0.000000000000000000e+00 0.000000000000000000e+00
2.600000000000000089e+00 1.300800000000000047e-02 1.228790000000000049e+01 4.449429999999999774e-01 0.000000000000000000e+00 0.000000000000000000e+00 0.000000000000000000e+00
2.600000000000000089e+00 1.354999999999999954e-02 1.138119999999999976e+01 4.252099999999999769e-01 0.000000000000000000e+00 0.000000000000000000e+00 0.000000000000000000e+00
2.600000000000000089e+00 1.409200000000000036e-02 1.050280000000000058e+01 4.411140000000000061e-01 0.000000000000000000e+00 0.000000000000000000e+00 0.000000000000000000e+00
2.600000000000000089e+00 1.463399999999999944e-02 1.077069999999999972e+01 4.992789999999999728e-01 0.000000000000000000e+00 0.000000000000000000e+00 0.000000000000000000e+00
2.600000000000000089e+00 1.517600000000000025e-02 1.032680000000000042e+01 5.496990000000000487e-01 0.000000000000000000e+00 0.000000000000000000e+00 0.000000000000000000e+00
2.600000000000000089e+00 1.571799999999999933e-02 1.095930000000000071e+01 5.676959999999999784e-01 0.000000000000000000e+00 0.000000000000000000e+00 0.000000000000000000e+00
2.600000000000000089e+00 1.626000000000000015e-02 1.058249999999999957e+01 6.292870000000000408e-01 0.000000000000000000e+00 0.000000000000000000e+00 0.000000000000000000e+00
2.600000000000000089e+00 1.680200000000000096e-02 1.013679999999999914e+01 6.622719999999999718e-01 0.000000000000000000e+00 0.000000000000000000e+00 0.000000000000000000e+00
2.600000000000000089e+00 1.734399999999999831e-02 8.743489999999999540e+00 6.752439999999999554e-01 0.000000000000000000e+00 0.000000000000000000e+00 0.000000000000000000e+00
2.600000000000000089e+00 1.788599999999999912e-02 9.510830000000000339e+00 8.345129999999999493e-01 0.000000000000000000e+00 0.000000000000000000e+00 0.000000000000000000e+00
2.600000000000000089e+00 1.842799999999999994e-02 8.861800000000000566e+00 9.260699999999999488e-01 0.000000000000000000e+00 0.000000000000000000e+00 0.000000000000000000e+00
2.600000000000000089e+00 1.897000000000000075e-02 8.038500000000000867e+00 9.637869999999999493e-01 0.000000000000000000e+00 0.000000000000000000e+00 0.000000000000000000e+00
2.600000000000000089e+00 1.951200000000000156e-02 6.375110000000000277e+00 1.012720000000000065e+00 0.000000000000000000e+00 0.000000000000000000e+00 0.000000000000000000e+00
2.799999999999999822e+00 1.083999999999999894e-03 3.859519999999999840e+01 7.068719999999999448e-01 0.000000000000000000e+00 0.000000000000000000e+00 0.000000000000000000e+00
2.799999999999999822e+00 1.626000000000000058e-03 3.396130000000000138e+01 6.070820000000000105e-01 0.000000000000000000e+00 0.000000000000000000e+00 0.000000000000000000e+00
2.799999999999999822e+00 2.167999999999999788e-03 3.345510000000000161e+01 6.003730000000000455e-01 0.000000000000000000e+00 0.000000000000000000e+00 0.000000000000000000e+00
2.799999999999999822e+00 2.710000000000000169e-03 3.227190000000000225e+01 5.756269999999999998e-01 0.000000000000000000e+00 0.000000000000000000e+00 0.000000000000000000e+00
2.799999999999999822e+00 3.252000000000000116e-03 3.022360000000000113e+01 5.491970000000000462e-01 0.000000000000000000e+00 0.000000000000000000e+00 0.000000000000000000e+00
2.799999999999999822e+00 3.794000000000000063e-03 2.706469999999999843e+01 5.024840000000000417e-01 0.000000000000000000e+00 0.000000000000000000e+00 0.000000000000000000e+00
2.799999999999999822e+00 4.335999999999999577e-03 2.508330000000000126e+01 4.803230000000000000e-01 0.000000000000000000e+00 0.000000000000000000e+00 0.000000000000000000e+00
2.799999999999999822e+00 4.878000000000000391e-03 2.469359999999999999e+01 4.556819999999999760e-01 0.000000000000000000e+00 0.000000000000000000e+00 0.000000000000000000e+00
2.799999999999999822e+00 5.420000000000000338e-03 2.416019999999999968e+01 4.547740000000000116e-01 0.000000000000000000e+00 0.000000000000000000e+00 0.000000000000000000e+00
2.799999999999999822e+00 5.962000000000000285e-03 2.421890000000000143e+01 4.816960000000000131e-01 0.000000000000000000e+00 0.000000000000000000e+00 0.000000000000000000e+00
2.799999999999999822e+00 6.504000000000000233e-03 2.205480000000000018e+01 4.508269999999999778e-01 0.000000000000000000e+00 0.000000000000000000e+00 0.000000000000000000e+00
2.799999999999999822e+00 7.046000000000000180e-03 2.067299999999999827e+01 4.331969999999999987e-01 0.000000000000000000e+00 0.000000000000000000e+00 0.000000000000000000e+00
2.799999999999999822e+00 7.588000000000000127e-03 2.016619999999999990e+01 4.175320000000000142e-01 0.000000000000000000e+00 0.000000000000000000e+00 0.000000000000000000e+00
2.799999999999999822e+00 8.130000000000000074e-03 1.922670000000000101e+01 4.128000000000000003e-01 0.000000000000000000e+00 0.000000000000000000e+00 0.000000000000000000e+00
2.799999999999999822e+00 8.671999999999999154e-03 1.840840000000000032e+01 4.073789999999999911e-01 0.000000000000000000e+00 0.000000000000000000e+00 0.000000000000000000e+00
2.799999999999999822e+00 9.213999999999999968e-03 1.897680000000000078e+01 4.331599999999999895e-01 0.000000000000000000e+00 0.000000000000000000e+00 0.000000000000000000e+00
2.799999999999999822e+00 9.756000000000000782e-03 1.809430000000000049e+01 4.396459999999999813e-01 0.000000000000000000e+00 0.000000000000000000e+00 0.000000000000000000e+00
2.799999999999999822e+00 1.029799999999999986e-02 1.734319999999999951e+01 4.285189999999999833e-01 0.000000000000000000e+00 0.000000000000000000e+00 0.000000000000000000e+00
2.799999999999999822e+00 1.084000000000000068e-02 1.615549999999999997e+01 4.184280000000000221e-01 0.000000000000000000e+00 0.000000000000000000e+00 0.000000000000000000e+00
2.799999999999999822e+00 1.138199999999999976e-02 1.610729999999999862e+01 4.394620000000000193e-01 0.000000000000000000e+00 0.000000000000000000e+00 0.000000000000000000e+00
2.799999999999999822e+00 1.192400000000000057e-02 1.590659999999999918e+01 4.614840000000000053e-01 0.000000000000000000e+00 0.000000000000000000e+00 0.000000000000000000e+00
2.799999999999999822e+00 1.246599999999999965e-02 1.536759999999999948e+01 4.889890000000000070e-01 0.000000000000000000e+00 0.000000000000000000e+00 0.000000000000000000e+00
2.799999999999999822e+00 1.300800000000000047e-02 1.425130000000000052e+01 4.562649999999999761e-01 0.000000000000000000e+00 0.000000000000000000e+00 0.000000000000000000e+00
2.799999999999999822e+00 1.354999999999999954e-02 1.293299999999999983e+01 4.762569999999999859e-01 0.000000000000000000e+00 0.000000000000000000e+00 0.000000000000000000e+00
2.799999999999999822e+00 1.409200000000000036e-02 1.312090000000000067e+01 4.971240000000000103e-01 0.000000000000000000e+00 0.000000000000000000e+00 0.000000000000000000e+00
2.799999999999999822e+00 1.463399999999999944e-02 1.312809999999999988e+01 5.528170000000000028e-01 0.000000000000000000e+00 0.000000000000000000e+00 0.000000000000000000e+00
2.799999999999999822e+00 1.517600000000000025e-02 1.276570000000000071e+01 5.901779999999999804e-01 0.000000000000000000e+00 0.000000000000000000e+00 0.000000000000000000e+00
2.799999999999999822e+00 1.571799999999999933e-02 1.180429999999999957e+01 5.995300000000000074e-01 0.000000000000000000e+00 0.000000000000000000e+00 0.000000000000000000e+00
2.799999999999999822e+00 1.626000000000000015e-02 1.092639999999999922e+01 5.833760000000000057e-01 0.000000000000000000e+00 0.000000000000000000e+00 0.000000000000000000e+00
2.799999999999999822e+00 1.680200000000000096e-02 1.095120000000000005e+01 6.430409999999999737e-01 0.000000000000000000e+00 0.000000000000000000e+00 0.000000000000000000e+00
2.799999999999999822e+00 1.734399999999999831e-02 1.210360000000000014e+01 8.276599999999999513e-01 0.000000000000000000e+00 0.000000000000000000e+00 0.000000000000000000e+00
2.799999999999999822e+00 1.788599999999999912e-02 1.142140000000000022e+01 8.648479999999999501e-01 0.000000000000000000e+00 0.000000000000000000e+00 0.000000000000000000e+00
2.799999999999999822e+00 1.842799999999999994e-02 1.175900000000000034e+01 9.690309999999999757e-01 0.000000000000000000e+00 0.000000000000000000e+00 0.000000000000000000e+00
2.799999999999999822e+00 1.897000000000000075e-02 1.074130000000000074e+01 9.588029999999999609e-01 0.000000000000000000e+00 0.000000000000000000e+00 0.000000000000000000e+00
2.799999999999999822e+00 1.951200000000000156e-02 9.700350000000000250e+00 1.068270000000000053e+00 0.000000000000000000e+00 0.000000000000000000e+00 0.000000000000000000e+00
3.000000000000000000e+00 1.083999999999999894e-03 4.852960000000000207e+01 1.046780000000000044e+00 0.000000000000000000e+00 0.000000000000000000e+00 0.000000000000000000e+00
3.000000000000000000e+00 1.626000000000000058e-03 4.014909999999999712e+01 8.860989999999999700e-01 0.000000000000000000e+00 0.000000000000000000e+00 0.000000000000000000e+00
3.000000000000000000e+00 2.167999999999999788e-03 4.159539999999999793e+01 9.064100000000000490e-01 0.000000000000000000e+00 0.000000000000000000e+00 0.000000000000000000e+00
3.000000000000000000e+00 2.710000000000000169e-03 3.960660000000000025e+01 8.736720000000000041e-01 0.000000000000000000e+00 0.000000000000000000e+00 0.000000000000000000e+00
3.000000000000000000e+00 3.252000000000000116e-03 3.694380000000000308e+01 8.470539999999999736e-01 0.000000000000000000e+00 0.000000000000000000e+00 0.000000000000000000e+00
3.000000000000000000e+00 3.794000000000000063e-03 3.135529999999999973e+01 7.455920000000000325e-01 0.000000000000000000e+00 0.000000000000000000e+00 0.000000000000000000e+00
3.000000000000000000e+00 4.335999999999999577e-03 3.121890000000000143e+01 7.224329999999999918e-01 0.000000000000000000e+00 0.000000000000000000e+00 0.000000000000000000e+00
3.000000000000000000e+00 4.878000000000000391e-03 2.988169999999999860e+01 6.761939999999999618e-01 0.000000000000000000e+00 0.000000000000000000e+00 0.000000000000000000e+00
3.000000000000000000e+00 5.420000000000000338e-03 2.982560000000000144e+01 7.097999999999999865e-01 0.000000000000000000e+00 0.000000000000000000e+00 0.000000000000000000e+00
3.000000000000000000e+00 5.962000000000000285e-03 2.801300000000000168e+01 6.607870000000000132e-01 0.000000000000000000e+00 0.000000000000000000e+00 0.000000000000000000e+00
3.000000000000000000e+00 6.504000000000000233e-03 2.641710000000000136e+01 6.347390000000000532e-01 0.000000000000000000e+00 0.000000000000000000e+00 0.000000000000000000e+00
3.000000000000000000e+00 7.046000000000000180e-03 2.495970000000000155e+01 5.981170000000000098e-01 0.000000000000000000e+00 0.000000000000000000e+00 0.000000000000000000e+00
3.000000000000000000e+00 7.588000000000000127e-03 2.478219999999999956e+01 6.109529999999999683e-01 0.000000000000000000e+00 0.000000000000000000e+00 0.000000000000000000e+00
3.000000000000000000e+00 8.130000000000000074e-03 2.356330000000000169e+01 5.859499999999999709e-01 0.000000000000000000e+00 0.000000000000000000e+00 0.000000000000000000e+00
3.000000000000000000e+00 8.671999999999999154e-03 2.098389999999999844e+01 5.618969999999999798e-01 0.000000000000000000e+00 0.000000000000000000e+00 0.000000000000000000e+00
3.000000000000000000e+00 9.213999999999999968e-03 2.092190000000000083e+01 5.743239999999999457e-01 0.000000000000000000e+00 0.000000000000000000e+00 0.000000000000000000e+00
3.000000000000000000e+00 9.756000000000000782e-03 2.211530000000000129e+01 6.176070000000000171e-01 0.000000000000000000e+00 0.000000000000000000e+00 0.000000000000000000e+00
3.000000000000000000e+00 1.029799999999999986e-02 2.072380000000000067e+01 5.716160000000000130e-01 0.000000000000000000e+00 0.000000000000000000e+00 0.000000000000000000e+00
3.000000000000000000e+00 1.084000000000000068e-02 1.960539999999999949e+01 5.702540000000000386e-01 0.000000000000000000e+00 0.000000000000000000e+00 0.000000000000000000e+00
3.000000000000000000e+00 1.138199999999999976e-02 1.790739999999999910e+01 5.800619999999999665e-01 0.000000000000000000e+00 0.000000000000000000e+00 0.000000000000000000e+00
3.000000000000000000e+00 1.192400000000000057e-02 1.812900000000000134e+01 5.785029999999999895e-01 0.000000000000000000e+00 0.000000000000000000e+00 0.000000000000000000e+00
3.000000000000000000e+00 1.246599999999999965e-02 1.872899999999999920e+01 6.417950000000000044e-01 0.000000000000000000e+00 0.000000000000000000e+00 0.000000000000000000e+00
3.000000000000000000e+00 1.300800000000000047e-02 1.732560000000000144e+01 6.115359999999999685e-01 0.000000000000000000e+00 0.000000000000000000e+00 0.000000000000000000e+00
3.000000000000000000e+00 1.354999999999999954e-02 1.592929999999999957e+01 6.231940000000000257e-01 0.000000000000000000e+00 0.000000000000000000e+00 0.000000000000000000e+00
3.000000000000000000e+00 1.409200000000000036e-02 1.614480000000000004e+01 7.465380000000000349e-01 0.000000000000000000e+00 0.000000000000000000e+00 0.000000000000000000e+00
3.000000000000000000e+00 1.463399999999999944e-02 1.489750000000000085e+01 6.616260000000000474e-01 0.000000000000000000e+00 0.000000000000000000e+00 0.000000000000000000e+00
3.000000000000000000e+00 1.517600000000000025e-02 1.573409999999999975e+01 7.797939999999999872e-01 0.000000000000000000e+00 0.000000000000000000e+00 0.000000000000000000e+00
3.000000000000000000e+00 1.571799999999999933e-02 1.517249999999999943e+01 7.414429999999999632e-01 0.000000000000000000e+00 0.000000000000000000e+00 0.000000000000000000e+00
3.000000000000000000e+00 1.626000000000000015e-02 1.430010000000000048e+01 7.716889999999999583e-01 0.000000000000000000e+00 0.000000000000000000e+00 0.000000000000000000e+00
3.000000000000000000e+00 1.680200000000000096e-02 1.313899999999999935e+01 7.940040000000000431e-01 0.000000000000000000e+00 0.000000000000000000e+00 0.000000000000000000e+00
3.000000000000000000e+00 1.734399999999999831e-02 1.359820000000000029e+01 8.789270000000000138e-01 0.000000000000000000e+00 0.000000000000000000e+00 0.000000000000000000e+00
3.000000000000000000e+00 1.788599999999999912e-02 1.410219999999999985e+01 1.001689999999999969e+00 0.000000000000000000e+00 0.000000000000000000e+00 0.000000000000000000e+00
3.000000000000000000e+00 1.842799999999999994e-02 1.234800000000000075e+01 9.921140000000000514e-01 0.000000000000000000e+00 0.000000000000000000e+00 0.000000000000000000e+00
3.000000000000000000e+00 1.897000000000000075e-02 1.225389999999999979e+01 1.065849999999999964e+00 0.000000000000000000e+00 0.000000000000000000e+00 0.000000000000000000e+00
3.000000000000000000e+00 1.951200000000000156e-02 1.376919999999999966e+01 1.254499999999999948e+00 0.000000000000000000e+00 0.000000000000000000e+00 0.000000000000000000e+00
3.200000000000000178e+00 1.083999999999999894e-03 5.759720000000000084e+01 1.598240000000000105e+00 0.000000000000000000e+00 0.000000000000000000e+00 0.000000000000000000e+00
3.200000000000000178e+00 1.626000000000000058e-03 5.023279999999999745e+01 1.400609999999999911e+00 0.000000000000000000e+00 0.000000000000000000e+00 0.000000000000000000e+00
3.200000000000000178e+00 2.167999999999999788e-03 4.997030000000000172e+01 1.386109999999999953e+00 0.000000000000000000e+00 0.000000000000000000e+00 0.000000000000000000e+00
3.200000000000000178e+00 2.710000000000000169e-03 4.801310000000000144e+01 1.331650000000000000e+00 0.000000000000000000e+00 0.000000000000000000e+00 0.000000000000000000e+00
3.200000000000000178e+00 3.252000000000000116e-03 4.366069999999999851e+01 1.272299999999999986e+00 0.000000000000000000e+00 0.000000000000000000e+00 0.000000000000000000e+00
3.200000000000000178e+00 3.794000000000000063e-03 3.941559999999999775e+01 1.088109999999999911e+00 0.000000000000000000e+00 0.000000000000000000e+00 0.000000000000000000e+00
3.200000000000000178e+00 4.335999999999999577e-03 3.619899999999999807e+01 9.967570000000000041e-01 0.000000000000000000e+00 0.000000000000000000e+00 0.000000000000000000e+00
3.200000000000000178e+00 4.878000000000000391e-03 3.678300000000000125e+01 1.085239999999999982e+00 0.000000000000000000e+00 0.000000000000000000e+00 0.000000000000000000e+00
3.200000000000000178e+00 5.420000000000000338e-03 3.561650000000000205e+01 1.046249999999999902e+00 0.000000000000000000e+00 0.000000000000000000e+00 0.000000000000000000e+00
3.200000000000000178e+00 5.962000000000000285e-03 3.304090000000000060e+01 9.767479999999999496e-01 0.000000000000000000e+00 0.000000000000000000e+00 0.000000000000000000e+00
3.200000000000000178e+00 6.504000000000000233e-03 3.194729999999999848e+01 9.611009999999999831e-01 0.000000000000000000e+00 0.000000000000000000e+00 0.000000000000000000e+00
3.200000000000000178e+00 7.046000000000000180e-03 3.082689999999999841e+01 9.529849999999999710e-01 0.000000000000000000e+00 0.000000000000000000e+00 0.000000000000000000e+00
3.200000000000000178e+00 7.588000000000000127e-03 2.933230000000000004e+01 8.947100000000000053e-01 0.000000000000000000e+00 0.000000000000000000e+00 0.000000000000000000e+00
3.200000000000000178e+00 8.130000000000000074e-03 2.823730000000000118e+01 8.842750000000000332e-01 0.000000000000000000e+00 0.000000000000000000e+00 0.000000000000000000e+00
3.200000000000000178e+00 8.671999999999999154e-03 2.638260000000000005e+01 8.644030000000000324e-01 0.000000000000000000e+00 0.000000000000000000e+00 0.000000000000000000e+00
3.200000000000000178e+00 9.213999999999999968e-03 2.737539999999999907e+01 9.186090000000000089e-01 0.000000000000000000e+00 0.000000000000000000e+00 0.000000000000000000e+00
3.200000000000000178e+00 9.756000000000000782e-03 2.522970000000000113e+01 8.609550000000000258e-01 0.000000000000000000e+00 0.000000000000000000e+00 0.000000000000000000e+00
3.200000000000000178e+00 1.029799999999999986e-02 2.334840000000000160e+01 8.312869999999999981e-01 0.000000000000000000e+00 0.000000000000000000e+00 0.000000000000000000e+00
3.200000000000000178e+00 1.084000000000000068e-02 2.348089999999999833e+01 7.963440000000000518e-01 0.000000000000000000e+00 0.000000000000000000e+00 0.000000000000000000e+00
3.200000000000000178e+00 1.138199999999999976e-02 2.361110000000000042e+01 8.643819999999999837e-01 0.000000000000000000e+00 0.000000000000000000e+00 0.000000000000000000e+00
3.200000000000000178e+00 1.192400000000000057e-02 2.212669999999999959e+01 8.227189999999999781e-01 0.000000000000000000e+00 0.000000000000000000e+00 0.000000000000000000e+00
3.200000000000000178e+00 1.246599999999999965e-02 2.229929999999999879e+01 9.163759999999999684e-01 0.000000000000000000e+00 0.000000000000000000e+00 0.000000000000000000e+00
3.200000000000000178e+00 1.300800000000000047e-02 2.024540000000000006e+01 8.588470000000000271e-01 0.000000000000000000e+00 0.000000000000000000e+00 0.000000000000000000e+00
3.200000000000000178e+00 1.354999999999999954e-02 1.979040000000000177e+01 8.373880000000000212e-01 0.000000000000000000e+00 0.000000000000000000e+00 0.000000000000000000e+00
3.200000000000000178e+00 1.409200000000000036e-02 1.927969999999999828e+01 8.717859999999999498e-01 0.000000000000000000e+00 0.000000000000000000e+00 0.000000000000000000e+00
3.200000000000000178e+00 1.463399999999999944e-02 1.954769999999999897e+01 9.436940000000000328e-01 0.000000000000000000e+00 0.000000000000000000e+00 0.000000000000000000e+00
3.200000000000000178e+00 1.517600000000000025e-02 2.005249999999999844e+01 9.622150000000000425e-01 0.000000000000000000e+00 0.000000000000000000e+00 0.000000000000000000e+00
3.200000000000000178e+00 1.571799999999999933e-02 1.892849999999999966e+01 1.056070000000000064e+00 0.000000000000000000e+00 0.000000000000000000e+00 0.000000000000000000e+00
3.200000000000000178e+00 1.626000000000000015e-02 1.660330000000000084e+01 9.242270000000000207e-01 0.000000000000000000e+00 0.000000000000000000e+00 0.000000000000000000e+00
3.200000000000000178e+00 1.680200000000000096e-02 1.679820000000000135e+01 9.721790000000000154e-01 0.000000000000000000e+00 0.000000000000000000e+00 0.000000000000000000e+00
3.200000000000000178e+00 1.734399999999999831e-02 1.637010000000000076e+01 1.074189999999999978e+00 0.000000000000000000e+00 0.000000000000000000e+00 0.000000000000000000e+00
3.200000000000000178e+00 1.788599999999999912e-02 1.604540000000000077e+01 1.178139999999999965e+00 0.000000000000000000e+00 0.000000000000000000e+00 0.000000000000000000e+00
3.200000000000000178e+00 1.842799999999999994e-02 1.605039999999999978e+01 1.289349999999999996e+00 0.000000000000000000e+00 0.000000000000000000e+00 0.000000000000000000e+00
3.200000000000000178e+00 1.897000000000000075e-02 1.628049999999999997e+01 1.448720000000000008e+00 0.000000000000000000e+00 0.000000000000000000e+00 0.000000000000000000e+00
3.200000000000000178e+00 1.951200000000000156e-02 1.632839999999999847e+01 1.399860000000000104e+00 0.000000000000000000e+00 0.000000000000000000e+00 0.000000000000000000e+00
3.399999999999999911e+00 1.083999999999999894e-03 6.364589999999999748e+01 2.168670000000000098e+00 0.000000000000000000e+00 0.000000000000000000e+00 0.000000000000000000e+00
3.399999999999999911e+00 1.626000000000000058e-03 6.463920000000000243e+01 2.266929999999999890e+00 0.000000000000000000e+00 0.000000000000000000e+00 0.000000000000000000e+00
3.399999999999999911e+00 2.167999999999999788e-03 5.862400000000000233e+01 2.056979999999999809e+00 0.000000000000000000e+00 0.000000000000000000e+00 0.000000000000000000e+00
3.399999999999999911e+00 2.710000000000000169e-03 5.311670000000000158e+01 1.839020000000000099e+00 0.000000000000000000e+00 0.000000000000000000e+00 0.000000000000000000e+00
3.399999999999999911e+00 3.252000000000000116e-03 4.931439999999999912e+01 1.803230000000000111e+00 0.000000000000000000e+00 0.000000000000000000e+00 0.000000000000000000e+00
3.399999999999999911e+00 3.794000000000000063e-03 4.885139999999999816e+01 1.684620000000000006e+00 0.000000000000000000e+00 0.000000000000000000e+00 0.000000000000000000e+00
3.399999999999999911e+00 4.335999999999999577e-03 4.541779999999999973e+01 1.493589999999999973e+00 0.000000000000000000e+00 0.000000000000000000e+00 0.000000000000000000e+00
3.399999999999999911e+00 4.878000000000000391e-03 4.714399999999999835e+01 1.936090000000000089e+00 0.000000000000000000e+00 0.000000000000000000e+00 0.000000000000000000e+00
3.399999999999999911e+00 5.420000000000000338e-03 4.145230000000000103e+01 1.419929999999999914e+00 0.000000000000000000e+00 0.000000000000000000e+00 0.000000000000000000e+00
3.399999999999999911e+00 5.962000000000000285e-03 4.024450000000000216e+01 1.445799999999999974e+00 0.000000000000000000e+00 0.000000000000000000e+00 0.000000000000000000e+00
3.399999999999999911e+00 6.504000000000000233e-03 3.711899999999999977e+01 1.362589999999999968e+00 0.000000000000000000e+00 0.000000000000000000e+00 0.000000000000000000e+00
3.399999999999999911e+00 7.046000000000000180e-03 3.689770000000000039e+01 1.428909999999999902e+00 0.000000000000000000e+00 0.000000000000000000e+00 0.000000000000000000e+00
3.399999999999999911e+00 7.588000000000000127e-03 3.530340000000000344e+01 1.348719999999999919e+00 0.000000000000000000e+00 0.000000000000000000e+00 0.000000000000000000e+00
3.399999999999999911e+00 8.130000000000000074e-03 3.464710000000000178e+01 1.401469999999999994e+00 0.000000000000000000e+00 0.000000000000000000e+00 0.000000000000000000e+00
3.399999999999999911e+00 8.671999999999999154e-03 3.507840000000000202e+01 1.347020000000000106e+00 0.000000000000000000e+00 0.000000000000000000e+00 0.000000000000000000e+00
3.399999999999999911e+00 9.213999999999999968e-03 3.120550000000000068e+01 1.252960000000000074e+00 0.000000000000000000e+00 0.000000000000000000e+00 0.000000000000000000e+00
3.399999999999999911e+00 9.756000000000000782e-03 2.864590000000000103e+01 1.206169999999999964e+00 0.000000000000000000e+00 0.000000000000000000e+00 0.000000000000000000e+00
3.399999999999999911e+00 1.029799999999999986e-02 2.989529999999999887e+01 1.243219999999999992e+00 0.000000000000000000e+00 0.000000000000000000e+00 0.000000000000000000e+00
3.399999999999999911e+00 1.084000000000000068e-02 2.807939999999999969e+01 1.243870000000000031e+00 0.000000000000000000e+00 0.000000000000000000e+00 0.000000000000000000e+00
3.399999999999999911e+00 1.138199999999999976e-02 2.595660000000000167e+01 1.159119999999999928e+00 0.000000000000000000e+00 0.000000000000000000e+00 0.000000000000000000e+00
3.399999999999999911e+00 1.192400000000000057e-02 2.816570000000000107e+01 1.207389999999999963e+00 0.000000000000000000e+00 0.000000000000000000e+00 0.000000000000000000e+00
3.399999999999999911e+00 1.246599999999999965e-02 2.500809999999999889e+01 1.186940000000000106e+00 0.000000000000000000e+00 0.000000000000000000e+00 0.000000000000000000e+00
3.399999999999999911e+00 1.300800000000000047e-02 2.616359999999999886e+01 1.278699999999999948e+00 0.000000000000000000e+00 0.000000000000000000e+00 0.000000000000000000e+00
3.399999999999999911e+00 1.354999999999999954e-02 2.517109999999999914e+01 1.300010000000000110e+00 0.000000000000000000e+00 0.000000000000000000e+00 0.000000000000000000e+00
3.399999999999999911e+00 1.409200000000000036e-02 2.658889999999999887e+01 1.297849999999999948e+00 0.000000000000000000e+00 0.000000000000000000e+00 0.000000000000000000e+00
3.399999999999999911e+00 1.463399999999999944e-02 2.381350000000000122e+01 1.253710000000000102e+00 0.000000000000000000e+00 0.000000000000000000e+00 0.000000000000000000e+00
3.399999999999999911e+00 1.517600000000000025e-02 2.274399999999999977e+01 1.306110000000000104e+00 0.000000000000000000e+00 0.000000000000000000e+00 0.000000000000000000e+00
3.399999999999999911e+00 1.571799999999999933e-02 2.055209999999999937e+01 1.326300000000000034e+00 0.000000000000000000e+00 0.000000000000000000e+00 0.000000000000000000e+00
3.399999999999999911e+00 1.626000000000000015e-02 2.079609999999999914e+01 1.285150000000000015e+00 0.000000000000000000e+00 0.000000000000000000e+00 0.000000000000000000e+00
3.399999999999999911e+00 1.680200000000000096e-02 1.951150000000000162e+01 1.391650000000000054e+00 0.000000000000000000e+00 0.000000000000000000e+00 0.000000000000000000e+00
3.399999999999999911e+00 1.734399999999999831e-02 1.971359999999999957e+01 1.406150000000000011e+00 0.000000000000000000e+00 0.000000000000000000e+00 0.000000000000000000e+00
3.399999999999999911e+00 1.788599999999999912e-02 2.068890000000000029e+01 1.511360000000000037e+00 0.000000000000000000e+00 0.000000000000000000e+00 0.000000000000000000e+00
3.399999999999999911e+00 1.842799999999999994e-02 1.719359999999999999e+01 1.648500000000000076e+00 0.000000000000000000e+00 0.000000000000000000e+00 0.000000000000000000e+00
3.399999999999999911e+00 1.897000000000000075e-02 1.645410000000000039e+01 1.675450000000000106e+00 0.000000000000000000e+00 0.000000000000000000e+00 0.000000000000000000e+00
3.399999999999999911e+00 1.951200000000000156e-02 1.937900000000000134e+01 1.642919999999999936e+00 0.000000000000000000e+00 0.000000000000000000e+00 0.000000000000000000e+00
3.600000000000000089e+00 1.083999999999999894e-03 7.605700000000000216e+01 3.851370000000000182e+00 0.000000000000000000e+00 0.000000000000000000e+00 0.000000000000000000e+00
3.600000000000000089e+00 1.626000000000000058e-03 7.007940000000000680e+01 3.508640000000000203e+00 0.000000000000000000e+00 0.000000000000000000e+00 0.000000000000000000e+00
3.600000000000000089e+00 2.167999999999999788e-03 6.944750000000000512e+01 3.406559999999999810e+00 0.000000000000000000e+00 0.000000000000000000e+00 0.000000000000000000e+00
3.600000000000000089e+00 2.710000000000000169e-03 6.365890000000000271e+01 3.092109999999999914e+00 0.000000000000000000e+00 0.000000000000000000e+00 0.000000000000000000e+00
3.600000000000000089e+00 3.252000000000000116e-03 6.173669999999999902e+01 3.191030000000000033e+00 0.000000000000000000e+00 0.000000000000000000e+00 0.000000000000000000e+00
3.600000000000000089e+00 3.794000000000000063e-03 5.713329999999999842e+01 2.842740000000000045e+00 0.000000000000000000e+00 0.000000000000000000e+00 0.000000000000000000e+00
3.600000000000000089e+00 4.335999999999999577e-03 5.424960000000000093e+01 2.780660000000000132e+00 0.000000000000000000e+00 0.000000000000000000e+00 0.000000000000000000e+00
3.600000000000000089e+00 4.878000000000000391e-03 4.881589999999999918e+01 2.448430000000000106e+00 0.000000000000000000e+00 0.000000000000000000e+00 0.000000000000000000e+00
3.600000000000000089e+00 5.420000000000000338e-03 4.930199999999999960e+01 2.522720000000000073e+00 0.000000000000000000e+00 0.000000000000000000e+00 0.000000000000000000e+00
3.600000000000000089e+00 5.962000000000000285e-03 4.411299999999999955e+01 2.496420000000000083e+00 0.000000000000000000e+00 0.000000000000000000e+00 0.000000000000000000e+00
3.600000000000000089e+00 6.504000000000000233e-03 4.604110000000000014e+01 2.290029999999999788e+00 0.000000000000000000e+00 0.000000000000000000e+00 0.000000000000000000e+00
3.600000000000000089e+00 7.046000000000000180e-03 3.959259999999999735e+01 2.036270000000000024e+00 0.000000000000000000e+00 0.000000000000000000e+00 0.000000000000000000e+00
3.600000000000000089e+00 7.588000000000000127e-03 3.932469999999999999e+01 2.017739999999999867e+00 0.000000000000000000e+00 0.000000000000000000e+00 0.000000000000000000e+00
3.600000000000000089e+00 8.130000000000000074e-03 3.960819999999999652e+01 2.099190000000000111e+00 0.000000000000000000e+00 0.000000000000000000e+00 0.000000000000000000e+00
3.600000000000000089e+00 8.671999999999999154e-03 4.174399999999999977e+01 2.187570000000000014e+00 0.000000000000000000e+00 0.000000000000000000e+00 0.000000000000000000e+00
3.600000000000000089e+00 9.213999999999999968e-03 3.917889999999999873e+01 2.124280000000000168e+00 0.000000000000000000e+00 0.000000000000000000e+00 0.000000000000000000e+00
3.600000000000000089e+00 9.756000000000000782e-03 4.041989999999999839e+01 2.201029999999999820e+00 0.000000000000000000e+00 0.000000000000000000e+00 0.000000000000000000e+00
3.600000000000000089e+00 1.029799999999999986e-02 3.632639999999999958e+01 2.012000000000000011e+00 0.000000000000000000e+00 0.000000000000000000e+00 0.000000000000000000e+00
3.600000000000000089e+00 1.084000000000000068e-02 3.262939999999999685e+01 1.908770000000000078e+00 0.000000000000000000e+00 0.000000000000000000e+00 0.000000000000000000e+00
3.600000000000000089e+00 1.138199999999999976e-02 3.589439999999999742e+01 2.096189999999999998e+00 0.000000000000000000e+00 0.000000000000000000e+00 0.000000000000000000e+00
3.600000000000000089e+00 1.192400000000000057e-02 3.237460000000000093e+01 1.867280000000000051e+00 0.000000000000000000e+00 0.000000000000000000e+00 0.000000000000000000e+00
3.600000000000000089e+00 1.246599999999999965e-02 2.702439999999999998e+01 1.710879999999999956e+00 0.000000000000000000e+00 0.000000000000000000e+00 0.000000000000000000e+00
3.600000000000000089e+00 1.300800000000000047e-02 2.880170000000000030e+01 1.789150000000000018e+00 0.000000000000000000e+00 0.000000000000000000e+00 0.000000000000000000e+00
3.600000000000000089e+00 1.354999999999999954e-02 2.866809999999999903e+01 1.782030000000000003e+00 0.000000000000000000e+00 0.000000000000000000e+00 0.000000000000000000e+00
3.600000000000000089e+00 1.409200000000000036e-02 2.738449999999999918e+01 2.199530000000000207e+00 0.000000000000000000e+00 0.000000000000000000e+00 0.000000000000000000e+00
3.600000000000000089e+00 1.463399999999999944e-02 2.559349999999999881e+01 1.899860000000000104e+00 0.000000000000000000e+00 0.000000000000000000e+00 0.000000000000000000e+00
3.600000000000000089e+00 1.517600000000000025e-02 2.884639999999999915e+01 1.866999999999999993e+00 0.000000000000000000e+00 0.000000000000000000e+00 0.000000000000000000e+00
3.600000000000000089e+00 1.571799999999999933e-02 2.615099999999999980e+01 1.750599999999999934e+00 0.000000000000000000e+00 0.000000000000000000e+00 0.000000000000000000e+00
3.600000000000000089e+00 1.626000000000000015e-02 2.579710000000000036e+01 1.806249999999999911e+00 0.000000000000000000e+00 0.000000000000000000e+00 0.000000000000000000e+00
3.600000000000000089e+00 1.680200000000000096e-02 2.594069999999999965e+01 2.088140000000000107e+00 0.000000000000000000e+00 0.000000000000000000e+00 0.000000000000000000e+00
3.600000000000000089e+00 1.734399999999999831e-02 2.428650000000000020e+01 2.316590000000000149e+00 0.000000000000000000e+00 0.000000000000000000e+00 0.000000000000000000e+00
3.600000000000000089e+00 1.788599999999999912e-02 2.519369999999999976e+01 2.300889999999999880e+00 0.000000000000000000e+00 0.000000000000000000e+00 0.000000000000000000e+00
3.600000000000000089e+00 1.842799999999999994e-02 2.477299999999999969e+01 2.210949999999999971e+00 0.000000000000000000e+00 0.000000000000000000e+00 0.000000000000000000e+00
3.600000000000000089e+00 1.897000000000000075e-02 2.179700000000000060e+01 2.073960000000000026e+00 0.000000000000000000e+00 0.000000000000000000e+00 0.000000000000000000e+00
3.600000000000000089e+00 1.951200000000000156e-02 2.118619999999999948e+01 2.255990000000000162e+00 0.000000000000000000e+00 0.000000000000000000e+00 0.000000000000000000e+00
3.799999999999999822e+00 1.083999999999999894e-03 8.722299999999999898e+01 5.917379999999999640e+00 0.000000000000000000e+00 0.000000000000000000e+00 0.000000000000000000e+00
3.799999999999999822e+00 1.626000000000000058e-03 8.672459999999999525e+01 6.430240000000000400e+00 0.000000000000000000e+00 0.000000000000000000e+00 0.000000000000000000e+00
3.799999999999999822e+00 2.167999999999999788e-03 9.844859999999999900e+01 6.563340000000000174e+00 0.000000000000000000e+00 0.000000000000000000e+00 0.000000000000000000e+00
3.799999999999999822e+00 2.710000000000000169e-03 8.311469999999999914e+01 6.700309999999999988e+00 0.000000000000000000e+00 0.000000000000000000e+00 0.000000000000000000e+00
3.799999999999999822e+00 3.252000000000000116e-03 7.497289999999999566e+01 5.192260000000000097e+00 0.000000000000000000e+00 0.000000000000000000e+00 0.000000000000000000e+00
3.799999999999999822e+00 3.794000000000000063e-03 6.380680000000000263e+01 4.086170000000000080e+00 0.000000000000000000e+00 0.000000000000000000e+00 0.000000000000000000e+00
3.799999999999999822e+00 4.335999999999999577e-03 7.222230000000000416e+01 5.946579999999999977e+00 0.000000000000000000e+00 0.000000000000000000e+00 0.000000000000000000e+00
3.799999999999999822e+00 4.878000000000000391e-03 6.254800000000000182e+01 4.554319999999999702e+00 0.000000000000000000e+00 0.000000000000000000e+00 0.000000000000000000e+00
3.799999999999999822e+00 5.420000000000000338e-03 5.529050000000000153e+01 4.377629999999999910e+00 0.000000000000000000e+00 0.000000000000000000e+00 0.000000000000000000e+00
3.799999999999999822e+00 5.962000000000000285e-03 6.050319999999999965e+01 4.472620000000000040e+00 0.000000000000000000e+00 0.000000000000000000e+00 0.000000000000000000e+00
3.799999999999999822e+00 6.504000000000000233e-03 5.800710000000000122e+01 4.160910000000000331e+00 0.000000000000000000e+00 0.000000000000000000e+00 0.000000000000000000e+00
3.799999999999999822e+00 7.046000000000000180e-03 5.279509999999999792e+01 4.740280000000000271e+00 0.000000000000000000e+00 0.000000000000000000e+00 0.000000000000000000e+00
3.799999999999999822e+00 7.588000000000000127e-03 4.983330000000000126e+01 3.641319999999999890e+00 0.000000000000000000e+00 0.000000000000000000e+00 0.000000000000000000e+00
3.799999999999999822e+00 8.130000000000000074e-03 4.663519999999999754e+01 3.536509999999999820e+00 0.000000000000000000e+00 0.000000000000000000e+00 0.000000000000000000e+00
3.799999999999999822e+00 8.671999999999999154e-03 4.840109999999999957e+01 3.418120000000000047e+00 0.000000000000000000e+00 0.000000000000000000e+00 0.000000000000000000e+00
3.799999999999999822e+00 9.213999999999999968e-03 4.094369999999999976e+01 3.017040000000000166e+00 0.000000000000000000e+00 0.000000000000000000e+00 0.000000000000000000e+00
3.799999999999999822e+00 9.756000000000000782e-03 4.680069999999999908e+01 3.450289999999999857e+00 0.000000000000000000e+00 0.000000000000000000e+00 0.000000000000000000e+00
3.799999999999999822e+00 1.029799999999999986e-02 5.129710000000000036e+01 4.549450000000000216e+00 0.000000000000000000e+00 0.000000000000000000e+00 0.000000000000000000e+00
3.799999999999999822e+00 1.084000000000000068e-02 4.134629999999999939e+01 3.080119999999999969e+00 0.000000000000000000e+00 0.000000000000000000e+00 0.000000000000000000e+00
3.799999999999999822e+00 1.138199999999999976e-02 4.504740000000000322e+01 3.547309999999999963e+00 0.000000000000000000e+00 0.000000000000000000e+00 0.000000000000000000e+00
3.799999999999999822e+00 1.192400000000000057e-02 4.139970000000000283e+01 3.271850000000000147e+00 0.000000000000000000e+00 0.000000000000000000e+00 0.000000000000000000e+00
3.799999999999999822e+00 1.246599999999999965e-02 3.763669999999999760e+01 3.063419999999999810e+00 0.000000000000000000e+00 0.000000000000000000e+00 0.000000000000000000e+00
3.799999999999999822e+00 1.300800000000000047e-02 4.132050000000000267e+01 3.535099999999999909e+00 0.000000000000000000e+00 0.000000000000000000e+00 0.000000000000000000e+00
3.799999999999999822e+00 1.354999999999999954e-02 3.665659999999999741e+01 2.833200000000000163e+00 0.000000000000000000e+00 0.000000000000000000e+00 0.000000000000000000e+00
3.799999999999999822e+00 1.409200000000000036e-02 4.062700000000000244e+01 3.661070000000000046e+00 0.000000000000000000e+00 0.000000000000000000e+00 0.000000000000000000e+00
3.799999999999999822e+00 1.463399999999999944e-02 3.318359999999999843e+01 3.242570000000000174e+00 0.000000000000000000e+00 0.000000000000000000e+00 0.000000000000000000e+00
3.799999999999999822e+00 1.517600000000000025e-02 3.319950000000000045e+01 3.333810000000000162e+00 0.000000000000000000e+00 0.000000000000000000e+00 0.000000000000000000e+00
3.799999999999999822e+00 1.571799999999999933e-02 3.859640000000000271e+01 3.418639999999999901e+00 0.000000000000000000e+00 0.000000000000000000e+00 0.000000000000000000e+00
3.799999999999999822e+00 1.626000000000000015e-02 3.496849999999999881e+01 3.363680000000000003e+00 0.000000000000000000e+00 0.000000000000000000e+00 0.000000000000000000e+00
3.799999999999999822e+00 1.680200000000000096e-02 3.323960000000000292e+01 4.645439999999999792e+00 0.000000000000000000e+00 0.000000000000000000e+00 0.000000000000000000e+00
3.799999999999999822e+00 1.734399999999999831e-02 3.232920000000000016e+01 3.381470000000000198e+00 0.000000000000000000e+00 0.000000000000000000e+00 0.000000000000000000e+00
3.799999999999999822e+00 1.788599999999999912e-02 3.498380000000000223e+01 3.597729999999999873e+00 0.000000000000000000e+00 0.000000000000000000e+00 0.000000000000000000e+00
3.799999999999999822e+00 1.842799999999999994e-02 3.418719999999999715e+01 3.688759999999999817e+00 0.000000000000000000e+00 0.000000000000000000e+00 0.000000000000000000e+00
3.799999999999999822e+00 1.897000000000000075e-02 3.460969999999999658e+01 4.568270000000000053e+00 0.000000000000000000e+00 0.000000000000000000e+00 0.000000000000000000e+00
3.799999999999999822e+00 1.951200000000000156e-02 3.540390000000000015e+01 4.013880000000000337e+00 0.000000000000000000e+00 0.000000000000000000e+00 0.000000000000000000e+00
4.000000000000000000e+00 1.083999999999999894e-03 1.170250000000000057e+02 1.174310000000000009e+01 0.000000000000000000e+00 0.000000000000000000e+00 0.000000000000000000e+00
4.000000000000000000e+00 1.626000000000000058e-03 1.211239999999999952e+02 1.045969999999999978e+01 0.000000000000000000e+00 0.000000000000000000e+00 0.000000000000000000e+00
4.000000000000000000e+00 2.167999999999999788e-03 1.254699999999999989e+02 1.205569999999999986e+01 0.000000000000000000e+00 0.000000000000000000e+00 0.000000000000000000e+00
4.000000000000000000e+00 2.710000000000000169e-03 1.022810000000000059e+02 9.846830000000000638e+00 0.000000000000000000e+00 0.000000000000000000e+00 0.000000000000000000e+00
4.000000000000000000e+00 3.252000000000000116e-03 1.049689999999999941e+02 9.623799999999999244e+00 0.000000000000000000e+00 0.000000000000000000e+00 0.000000000000000000e+00
4.000000000000000000e+00 3.794000000000000063e-03 8.089889999999999759e+01 7.696629999999999860e+00 0.000000000000000000e+00 0.000000000000000000e+00 0.000000000000000000e+00
4.000000000000000000e+00 4.335999999999999577e-03 7.111750000000000682e+01 6.383029999999999760e+00 0.000000000000000000e+00 0.000000000000000000e+00 0.000000000000000000e+00
4.000000000000000000e+00 4.878000000000000391e-03 6.442549999999999955e+01 6.187400000000000233e+00 0.000000000000000000e+00 0.000000000000000000e+00 0.000000000000000000e+00
4.000000000000000000e+00 5.420000000000000338e-03 7.738129999999999598e+01 7.031509999999999927e+00 0.000000000000000000e+00 0.000000000000000000e+00 0.000000000000000000e+00
4.000000000000000000e+00 5.962000000000000285e-03 6.748470000000000368e+01 6.058939999999999770e+00 0.000000000000000000e+00 0.000000000000000000e+00 0.000000000000000000e+00
4.000000000000000000e+00 6.504000000000000233e-03 7.265840000000000032e+01 7.383359999999999701e+00 0.000000000000000000e+00 0.000000000000000000e+00 0.000000000000000000e+00
4.000000000000000000e+00 7.046000000000000180e-03 5.625500000000000256e+01 6.284019999999999939e+00 0.000000000000000000e+00 0.000000000000000000e+00 0.000000000000000000e+00
4.000000000000000000e+00 7.588000000000000127e-03 5.844760000000000133e+01 6.883070000000000022e+00 0.000000000000000000e+00 0.000000000000000000e+00 0.000000000000000000e+00
4.000000000000000000e+00 8.130000000000000074e-03 6.600589999999999691e+01 6.903089999999999726e+00 0.000000000000000000e+00 0.000000000000000000e+00 0.000000000000000000e+00
4.000000000000000000e+00 8.671999999999999154e-03 6.228770000000000095e+01 6.947390000000000398e+00 0.000000000000000000e+00 0.000000000000000000e+00 0.000000000000000000e+00
4.000000000000000000e+00 9.213999999999999968e-03 4.816049999999999898e+01 5.479269999999999641e+00 0.000000000000000000e+00 0.000000000000000000e+00 0.000000000000000000e+00
4.000000000000000000e+00 9.756000000000000782e-03 4.722160000000000224e+01 5.398220000000000240e+00 0.000000000000000000e+00 0.000000000000000000e+00 0.000000000000000000e+00
4.000000000000000000e+00 1.029799999999999986e-02 5.039470000000000027e+01 5.825409999999999755e+00 0.000000000000000000e+00 0.000000000000000000e+00 0.000000000000000000e+00
4.000000000000000000e+00 1.084000000000000068e-02 5.091819999999999879e+01 5.087519999999999598e+00 0.000000000000000000e+00 0.000000000000000000e+00 0.000000000000000000e+00
4.000000000000000000e+00 1.138199999999999976e-02 4.075739999999999696e+01 4.341770000000000351e+00 0.000000000000000000e+00 0.000000000000000000e+00 0.000000000000000000e+00
4.000000000000000000e+00 1.192400000000000057e-02 4.962689999999999912e+01 6.464520000000000266e+00 0.000000000000000000e+00 0.000000000000000000e+00 0.000000000000000000e+00
4.000000000000000000e+00 1.246599999999999965e-02 5.479039999999999822e+01 7.329600000000000115e+00 0.000000000000000000e+00 0.000000000000000000e+00 0.000000000000000000e+00
4.000000000000000000e+00 1.300800000000000047e-02 6.356860000000000355e+01 6.704489999999999839e+00 0.000000000000000000e+00 0.000000000000000000e+00 0.000000000000000000e+00
4.000000000000000000e+00 1.354999999999999954e-02 4.791089999999999804e+01 6.063130000000000130e+00 0.000000000000000000e+00 0.000000000000000000e+00 0.000000000000000000e+00
4.000000000000000000e+00 1.409200000000000036e-02 4.115299999999999869e+01 5.671299999999999564e+00 0.000000000000000000e+00 0.000000000000000000e+00 0.000000000000000000e+00
4.000000000000000000e+00 1.463399999999999944e-02 4.814110000000000156e+01 5.697300000000000253e+00 0.000000000000000000e+00 0.000000000000000000e+00 0.000000000000000000e+00
4.000000000000000000e+00 1.517600000000000025e-02 5.479890000000000327e+01 8.399380000000000734e+00 0.000000000000000000e+00 0.000000000000000000e+00 0.000000000000000000e+00
4.000000000000000000e+00 1.571799999999999933e-02 5.599980000000000047e+01 6.946990000000000443e+00 0.000000000000000000e+00 0.000000000000000000e+00 0.000000000000000000e+00
4.000000000000000000e+00 1.626000000000000015e-02 5.547879999999999967e+01 8.245179999999999509e+00 0.000000000000000000e+00 0.000000000000000000e+00 0.000000000000000000e+00
4.000000000000000000e+00 1.680200000000000096e-02 4.601559999999999917e+01 7.418989999999999974e+00 0.000000000000000000e+00 0.000000000000000000e+00 0.000000000000000000e+00
4.000000000000000000e+00 1.734399999999999831e-02 4.882699999999999818e+01 7.455720000000000347e+00 0.000000000000000000e+00 0.000000000000000000e+00 0.000000000000000000e+00
4.000000000000000000e+00 1.788599999999999912e-02 5.844050000000000011e+01 9.054470000000000240e+00 0.000000000000000000e+00 0.000000000000000000e+00 0.000000000000000000e+00
4.000000000000000000e+00 1.842799999999999994e-02 5.806419999999999959e+01 9.522130000000000649e+00 0.000000000000000000e+00 0.000000000000000000e+00 0.000000000000000000e+00
4.000000000000000000e+00 1.897000000000000075e-02 3.332309999999999661e+01 6.636720000000000397e+00 0.000000000000000000e+00 0.000000000000000000e+00 0.000000000000000000e+00
4.000000000000000000e+00 1.951200000000000156e-02 4.525039999999999907e+01 9.568659999999999499e+00 0.000000000000000000e+00 0.000000000000000000e+00 0.000000000000000000e+00
4.200000000000000178e+00 1.083999999999999894e-03 1.353859999999999957e+02 1.778320000000000078e+01 0.000000000000000000e+00 0.000000000000000000e+00 0.000000000000000000e+00
4.200000000000000178e+00 1.626000000000000058e-03 1.129609999999999985e+02 1.323259999999999970e+01 0.000000000000000000e+00 0.000000000000000000e+00 0.000000000000000000e+00
4.200000000000000178e+00 2.167999999999999788e-03 1.277069999999999936e+02 1.456329999999999991e+01 0.000000000000000000e+00 0.000000000000000000e+00 0.000000000000000000e+00
4.200000000000000178e+00 2.710000000000000169e-03 1.445639999999999930e+02 1.534190000000000076e+01 0.000000000000000000e+00 0.000000000000000000e+00 0.000000000000000000e+00
4.200000000000000178e+00 3.252000000000000116e-03 9.385360000000000014e+01 1.148990000000000045e+01 0.000000000000000000e+00 0.000000000000000000e+00 0.000000000000000000e+00
4.200000000000000178e+00 3.794000000000000063e-03 1.067339999999999947e+02 1.514819999999999922e+01 0.000000000000000000e+00 0.000000000000000000e+00 0.000000000000000000e+00
4.200000000000000178e+00 4.335999999999999577e-03 8.328270000000000550e+01 1.148010000000000019e+01 0.000000000000000000e+00 0.000000000000000000e+00 0.000000000000000000e+00
4.200000000000000178e+00 4.878000000000000391e-03 1.054969999999999999e+02 1.252849999999999930e+01 0.000000000000000000e+00 0.000000000000000000e+00 0.000000000000000000e+00
4.200000000000000178e+00 5.420000000000000338e-03 9.996899999999999409e+01 1.430470000000000041e+01 0.000000000000000000e+00 0.000000000000000000e+00 0.000000000000000000e+00
4.200000000000000178e+00 5.962000000000000285e-03 7.011610000000000298e+01 7.848830000000000418e+00 0.000000000000000000e+00 0.000000000000000000e+00 0.000000000000000000e+00
4.200000000000000178e+00 6.504000000000000233e-03 8.095260000000000389e+01 9.177459999999999951e+00 0.000000000000000000e+00 0.000000000000000000e+00 0.000000000000000000e+00
4.200000000000000178e+00 7.046000000000000180e-03 7.548279999999999745e+01 9.293039999999999523e+00 0.000000000000000000e+00 0.000000000000000000e+00 0.000000000000000000e+00
4.200000000000000178e+00 7.588000000000000127e-03 7.391259999999999764e+01 9.847739999999999938e+00 0.000000000000000000e+00 0.000000000000000000e+00 0.000000000000000000e+00
4.200000000000000178e+00 8.130000000000000074e-03 6.485720000000000596e+01 9.506059999999999732e+00 0.000000000000000000e+00 0.000000000000000000e+00 0.000000000000000000e+00
4.200000000000000178e+00 8.671999999999999154e-03 8.141899999999999693e+01 1.079420000000000002e+01 0.000000000000000000e+00 0.000000000000000000e+00 0.000000000000000000e+00
4.200000000000000178e+00 9.213999999999999968e-03 7.339650000000000318e+01 8.410059999999999647e+00 0.000000000000000000e+00 0.000000000000000000e+00 0.000000000000000000e+00
4.200000000000000178e+00 9.756000000000000782e-03 6.151219999999999999e+01 8.787539999999999907e+00 0.000000000000000000e+00 0.000000000000000000e+00 0.000000000000000000e+00
4.200000000000000178e+00 1.029799999999999986e-02 5.813550000000000040e+01 8.568599999999999994e+00 0.000000000000000000e+00 0.000000000000000000e+00 0.000000000000000000e+00
4.200000000000000178e+00 1.084000000000000068e-02 6.764260000000000161e+01 1.045870000000000033e+01 0.000000000000000000e+00 0.000000000000000000e+00 0.000000000000000000e+00
4.200000000000000178e+00 1.138199999999999976e-02 6.103759999999999764e+01 9.555289999999999395e+00 0.000000000000000000e+00 0.000000000000000000e+00 0.000000000000000000e+00
4.200000000000000178e+00 1.192400000000000057e-02 6.713509999999999422e+01 8.496729999999999450e+00 0.000000000000000000e+00 0.000000000000000000e+00 0.000000000000000000e+00
4.200000000000000178e+00 1.246599999999999965e-02 6.811809999999999832e+01 1.049849999999999994e+01 0.000000000000000000e+00 0.000000000000000000e+00 0.000000000000000000e+00
4.200000000000000178e+00 1.300800000000000047e-02 6.175399999999999778e+01 9.571009999999999351e+00 0.000000000000000000e+00 0.000000000000000000e+00 0.000000000000000000e+00
4.200000000000000178e+00 1.354999999999999954e-02 5.325569999999999737e+01 8.450969999999999871e+00 0.000000000000000000e+00 0.000000000000000000e+00 0.000000000000000000e+00
4.200000000000000178e+00 1.409200000000000036e-02 5.950229999999999819e+01 1.000070000000000014e+01 0.000000000000000000e+00 0.000000000000000000e+00 0.000000000000000000e+00
4.200000000000000178e+00 1.463399999999999944e-02 5.671979999999999933e+01 1.065160000000000018e+01 0.000000000000000000e+00 0.000000000000000000e+00 0.000000000000000000e+00
4.200000000000000178e+00 1.517600000000000025e-02 6.616899999999999693e+01 1.247380000000000067e+01 0.000000000000000000e+00 0.000000000000000000e+00 0.000000000000000000e+00
4.200000000000000178e+00 1.571799999999999933e-02 5.067229999999999990e+01 9.314790000000000347e+00 0.000000000000000000e+00 0.000000000000000000e+00 0.000000000000000000e+00
4.200000000000000178e+00 1.626000000000000015e-02 3.716159999999999997e+01 9.130169999999999675e+00 0.000000000000000000e+00 0.000000000000000000e+00 0.000000000000000000e+00
4.200000000000000178e+00 1.680200000000000096e-02 3.291219999999999857e+01 9.688620000000000232e+00 0.000000000000000000e+00 0.000000000000000000e+00 0.000000000000000000e+00
4.200000000000000178e+00 1.734399999999999831e-02 4.144530000000000314e+01 8.872960000000000846e+00 0.000000000000000000e+00 0.000000000000000000e+00 0.000000000000000000e+00
4.200000000000000178e+00 1.788599999999999912e-02 4.922109999999999985e+01 8.694649999999999324e+00 0.000000000000000000e+00 0.000000000000000000e+00 0.000000000000000000e+00
4.200000000000000178e+00 1.842799999999999994e-02 4.981839999999999691e+01 1.132830000000000048e+01 0.000000000000000000e+00 0.000000000000000000e+00 0.000000000000000000e+00
4.200000000000000178e+00 1.897000000000000075e-02 4.807500000000000284e+01 8.982300000000000395e+00 0.000000000000000000e+00 0.000000000000000000e+00 0.000000000000000000e+00
4.200000000000000178e+00 1.951200000000000156e-02 6.184629999999999939e+01 1.093510000000000026e+01 0.000000000000000000e+00 0.000000000000000000e+00 0.000000000000000000e+00
4.400000000000000355e+00 1.083999999999999894e-03 1.349339999999999975e+02 2.911370000000000147e+01 0.000000000000000000e+00 0.000000000000000000e+00 0.000000000000000000e+00
4.400000000000000355e+00 1.626000000000000058e-03 1.333170000000000073e+02 1.777149999999999963e+01 0.000000000000000000e+00 0.000000000000000000e+00 0.000000000000000000e+00
4.400000000000000355e+00 2.167999999999999788e-03 1.125859999999999985e+02 2.194480000000000075e+01 0.000000000000000000e+00 0.000000000000000000e+00 0.000000000000000000e+00
4.400000000000000355e+00 2.710000000000000169e-03 1.283729999999999905e+02 2.237120000000000175e+01 0.000000000000000000e+00 0.000000000000000000e+00 0.000000000000000000e+00
4.400000000000000355e+00 3.252000000000000116e-03 1.264980000000000047e+02 2.232069999999999865e+01 0.000000000000000000e+00 0.000000000000000000e+00 0.000000000000000000e+00
4.400000000000000355e+00 3.794000000000000063e-03 1.033569999999999993e+02 1.434490000000000087e+01 0.000000000000000000e+00 0.000000000000000000e+00 0.000000000000000000e+00
4.400000000000000355e+00 4.335999999999999577e-03 1.070829999999999984e+02 2.517849999999999966e+01 0.000000000000000000e+00 0.000000000000000000e+00 0.000000000000000000e+00
4.400000000000000355e+00 4.878000000000000391e-03 1.296399999999999864e+02 2.462239999999999895e+01 0.000000000000000000e+00 0.000000000000000000e+00 0.000000000000000000e+00
4.400000000000000355e+00 5.420000000000000338e-03 8.147929999999999495e+01 1.394159999999999933e+01 0.000000000000000000e+00 0.000000000000000000e+00 0.000000000000000000e+00
4.400000000000000355e+00 5.962000000000000285e-03 8.738110000000000355e+01 1.526260000000000083e+01 0.000000000000000000e+00 0.000000000000000000e+00 0.000000000000000000e+00
4.400000000000000355e+00 6.504000000000000233e-03 1.016119999999999948e+02 1.803020000000000067e+01 0.000000000000000000e+00 0.000000000000000000e+00 0.000000000000000000e+00
4.400000000000000355e+00 7.046000000000000180e-03 9.335509999999999309e+01 1.553819999999999979e+01 0.000000000000000000e+00 0.000000000000000000e+00 0.000000000000000000e+00
4.400000000000000355e+00 7.588000000000000127e-03 8.067629999999999768e+01 1.428989999999999938e+01 0.000000000000000000e+00 0.000000000000000000e+00 0.000000000000000000e+00
4.400000000000000355e+00 8.130000000000000074e-03 8.666910000000000025e+01 1.482540000000000013e+01 0.000000000000000000e+00 0.000000000000000000e+00 0.000000000000000000e+00
4.400000000000000355e+00 8.671999999999999154e-03 8.783270000000000266e+01 1.295330000000000048e+01 0.000000000000000000e+00 0.000000000000000000e+00 0.000000000000000000e+00
4.400000000000000355e+00 9.213999999999999968e-03 7.158289999999999509e+01 1.017070000000000007e+01 0.000000000000000000e+00 0.000000000000000000e+00 0.000000000000000000e+00
4.400000000000000355e+00 9.756000000000000782e-03 8.021880000000000166e+01 1.579369999999999941e+01 0.000000000000000000e+00 0.000000000000000000e+00 0.000000000000000000e+00
4.400000000000000355e+00 1.029799999999999986e-02 4.820320000000000249e+01 9.745499999999999829e+00 0.000000000000000000e+00 0.000000000000000000e+00 0.000000000000000000e+00
4.400000000000000355e+00 1.084000000000000068e-02 7.965819999999999368e+01 2.068130000000000024e+01 0.000000000000000000e+00 0.000000000000000000e+00 0.000000000000000000e+00
4.400000000000000355e+00 1.138199999999999976e-02 1.013829999999999956e+02 1.717180000000000106e+01 0.000000000000000000e+00 0.000000000000000000e+00 0.000000000000000000e+00
4.400000000000000355e+00 1.192400000000000057e-02 1.057549999999999955e+02 2.122739999999999938e+01 0.000000000000000000e+00 0.000000000000000000e+00 0.000000000000000000e+00
4.400000000000000355e+00 1.246599999999999965e-02 8.908920000000000528e+01 1.721890000000000143e+01 0.000000000000000000e+00 0.000000000000000000e+00 0.000000000000000000e+00
4.400000000000000355e+00 1.300800000000000047e-02 6.348270000000000124e+01 1.364569999999999972e+01 0.000000000000000000e+00 0.000000000000000000e+00 0.000000000000000000e+00
4.400000000000000355e+00 1.354999999999999954e-02 4.689489999999999981e+01 1.062500000000000000e+01 0.000000000000000000e+00 0.000000000000000000e+00 0.000000000000000000e+00
4.400000000000000355e+00 1.409200000000000036e-02 6.859269999999999357e+01 1.419699999999999918e+01 0.000000000000000000e+00 0.000000000000000000e+00 0.000000000000000000e+00
4.400000000000000355e+00 1.463399999999999944e-02 5.336399999999999721e+01 1.117629999999999946e+01 0.000000000000000000e+00 0.000000000000000000e+00 0.000000000000000000e+00
4.400000000000000355e+00 1.517600000000000025e-02 4.904950000000000188e+01 9.906959999999999766e+00 0.000000000000000000e+00 0.000000000000000000e+00 0.000000000000000000e+00
4.400000000000000355e+00 1.571799999999999933e-02 5.402380000000000138e+01 1.556649999999999956e+01 0.000000000000000000e+00 0.000000000000000000e+00 0.000000000000000000e+00
4.400000000000000355e+00 1.626000000000000015e-02 4.758659999999999712e+01 1.252050000000000018e+01 0.000000000000000000e+00 0.000000000000000000e+00 0.000000000000000000e+00
4.400000000000000355e+00 1.680200000000000096e-02 5.599530000000000030e+01 1.359939999999999927e+01 0.000000000000000000e+00 0.000000000000000000e+00 0.000000000000000000e+00
4.400000000000000355e+00 1.734399999999999831e-02 8.654359999999999786e+01 2.209540000000000148e+01 0.000000000000000000e+00 0.000000000000000000e+00 0.000000000000000000e+00
4.400000000000000355e+00 1.788599999999999912e-02 7.253239999999999554e+01 2.224719999999999942e+01 0.000000000000000000e+00 0.000000000000000000e+00 0.000000000000000000e+00
4.400000000000000355e+00 1.842799999999999994e-02 6.451189999999999714e+01 2.047109999999999985e+01 0.000000000000000000e+00 0.000000000000000000e+00 0.000000000000000000e+00
4.400000000000000355e+00 1.897000000000000075e-02 7.220659999999999457e+01 1.756990000000000052e+01 0.000000000000000000e+00 0.000000000000000000e+00 0.000000000000000000e+00
4.400000000000000355e+00 1.951200000000000156e-02 9.904149999999999920e+01 1.987099999999999866e+01 0.000000000000000000e+00 0.000000000000000000e+00 0.000000000000000000e+00
